Log file open, 01/13/18 18:30:21
LogWindows: Failed to load 'aqProf.dll' (GetLastError=126)
LogWindows: File 'aqProf.dll' does not exist
LogWindows: Failed to load 'VtuneApi.dll' (GetLastError=126)
LogWindows: File 'VtuneApi.dll' does not exist
LogWindows: Failed to load 'VtuneApi32e.dll' (GetLastError=126)
LogWindows: File 'VtuneApi32e.dll' does not exist
LogInit: Display: Running engine for game: ProjectSwitchboard
LogPlatformFile: Not using cached read wrapper
LogInit: Display: RandInit(-1177067574) SRandInit(-1177067574).
LogInit: Read version file with build ID '3709383'
LogInit: Overriding engine version to CL 3794801, compatible CL 3709383
LogInit: Registered custom module enumerator with build ID '3709383'
LogTaskGraph: Started task graph with 5 named threads and 14 total threads with 3 sets of task threads.
LogStats: Stats thread started at 0.211291
LogD3D11RHI: Aftermath initialized
LogModuleManager: Display: Found up-to-date module file ../../../Engine/Plugins/2D/Paper2D/Binaries/Win64/UE4Editor-Paper2D.dll (API version 3709383).
LogModuleManager: Display: Found up-to-date module file ../../../Engine/Plugins/2D/Paper2D/Binaries/Win64/UE4Editor-Paper2DEditor.dll (API version 3709383).
LogModuleManager: Display: Found up-to-date module file ../../../Engine/Plugins/2D/Paper2D/Binaries/Win64/UE4Editor-PaperSpriteSheetImporter.dll (API version 3709383).
LogModuleManager: Display: Found up-to-date module file ../../../Engine/Plugins/2D/Paper2D/Binaries/Win64/UE4Editor-PaperTiledImporter.dll (API version 3709383).
LogModuleManager: Display: Found up-to-date module file ../../../Engine/Plugins/2D/Paper2D/Binaries/Win64/UE4Editor-SmartSnapping.dll (API version 3709383).
LogModuleManager: Display: Found up-to-date module file ../../../Engine/Plugins/Blendables/LightPropagationVolume/Binaries/Win64/UE4Editor-LightPropagationVolumeRuntime.dll (API version 3709383).
LogModuleManager: Display: Found up-to-date module file ../../../Engine/Plugins/Blendables/LightPropagationVolume/Binaries/Win64/UE4Editor-LightPropagationVolumeEditor.dll (API version 3709383).
LogModuleManager: Display: Found up-to-date module file ../../../Engine/Plugins/Developer/GitSourceControl/Binaries/Win64/UE4Editor-GitSourceControl.dll (API version 3709383).
LogModuleManager: Display: Found up-to-date module file ../../../Engine/Plugins/Developer/PerforceSourceControl/Binaries/Win64/UE4Editor-PerforceSourceControl.dll (API version 3709383).
LogModuleManager: Display: Found up-to-date module file ../../../Engine/Plugins/Developer/SubversionSourceControl/Binaries/Win64/UE4Editor-SubversionSourceControl.dll (API version 3709383).
LogModuleManager: Display: Found up-to-date module file ../../../Engine/Plugins/Developer/UObjectPlugin/Binaries/Win64/UE4Editor-UObjectPlugin.dll (API version 3709383).
LogModuleManager: Display: Found up-to-date module file ../../../Engine/Plugins/Developer/VisualStudioCodeSourceCodeAccess/Binaries/Win64/UE4Editor-VisualStudioCodeSourceCodeAccess.dll (API version 3709383).
LogModuleManager: Display: Found up-to-date module file ../../../Engine/Plugins/Developer/VisualStudioSourceCodeAccess/Binaries/Win64/UE4Editor-VisualStudioSourceCodeAccess.dll (API version 3709383).
LogModuleManager: Display: Found up-to-date module file ../../../Engine/Plugins/Editor/AssetManagerEditor/Binaries/Win64/UE4Editor-AssetManagerEditor.dll (API version 3709383).
LogModuleManager: Display: Found up-to-date module file ../../../Engine/Plugins/Editor/AudioCapture/Binaries/Win64/UE4Editor-AudioCapture.dll (API version 3709383).
LogModuleManager: Display: Found up-to-date module file ../../../Engine/Plugins/Editor/FacialAnimation/Binaries/Win64/UE4Editor-FacialAnimation.dll (API version 3709383).
LogModuleManager: Display: Found up-to-date module file ../../../Engine/Plugins/Editor/FacialAnimation/Binaries/Win64/UE4Editor-FacialAnimationEditor.dll (API version 3709383).
LogModuleManager: Display: Found up-to-date module file ../../../Engine/Plugins/Editor/GameplayTagsEditor/Binaries/Win64/UE4Editor-GameplayTagsEditor.dll (API version 3709383).
LogModuleManager: Display: Found up-to-date module file ../../../Engine/Plugins/Editor/MobileLauncherProfileWizard/Binaries/Win64/UE4Editor-MobileLauncherProfileWizard.dll (API version 3709383).
LogModuleManager: Display: Found up-to-date module file ../../../Engine/Plugins/Editor/PluginBrowser/Binaries/Win64/UE4Editor-PluginBrowser.dll (API version 3709383).
LogModuleManager: Display: Found up-to-date module file ../../../Engine/Plugins/Editor/SpeedTreeImporter/Binaries/Win64/UE4Editor-SpeedTreeImporter.dll (API version 3709383).
LogModuleManager: Display: Found up-to-date module file ../../../Engine/Plugins/Experimental/AlembicImporter/Binaries/Win64/UE4Editor-AlembicImporter.dll (API version 3709383).
LogModuleManager: Display: Found up-to-date module file ../../../Engine/Plugins/Experimental/AlembicImporter/Binaries/Win64/UE4Editor-AlembicLibrary.dll (API version 3709383).
LogModuleManager: Display: Found up-to-date module file ../../../Engine/Plugins/Experimental/CharacterAI/Binaries/Win64/UE4Editor-CharacterAI.dll (API version 3709383).
LogModuleManager: Display: Found up-to-date module file ../../../Engine/Plugins/Experimental/HTML5Networking/Binaries/Win64/UE4Editor-HTML5Networking.dll (API version 3709383).
LogModuleManager: Display: Found up-to-date module file ../../../Engine/Plugins/Media/AndroidMedia/Binaries/Win64/UE4Editor-AndroidMediaEditor.dll (API version 3709383).
LogModuleManager: Display: Found up-to-date module file ../../../Engine/Plugins/Media/AndroidMedia/Binaries/Win64/UE4Editor-AndroidMediaFactory.dll (API version 3709383).
LogModuleManager: Display: Found up-to-date module file ../../../Engine/Plugins/Media/AvfMedia/Binaries/Win64/UE4Editor-AvfMediaEditor.dll (API version 3709383).
LogModuleManager: Display: Found up-to-date module file ../../../Engine/Plugins/Media/AvfMedia/Binaries/Win64/UE4Editor-AvfMediaFactory.dll (API version 3709383).
LogModuleManager: Display: Found up-to-date module file ../../../Engine/Plugins/Media/AvfMedia/Binaries/Win64/UE4Editor-AvfMediaFactory.dll (API version 3709383).
LogModuleManager: Display: Found up-to-date module file ../../../Engine/Plugins/Media/ImgMedia/Binaries/Win64/UE4Editor-ImgMedia.dll (API version 3709383).
LogModuleManager: Display: Found up-to-date module file ../../../Engine/Plugins/Media/ImgMedia/Binaries/Win64/UE4Editor-ImgMediaEditor.dll (API version 3709383).
LogModuleManager: Display: Found up-to-date module file ../../../Engine/Plugins/Media/ImgMedia/Binaries/Win64/UE4Editor-ImgMediaFactory.dll (API version 3709383).
LogModuleManager: Display: Found up-to-date module file ../../../Engine/Plugins/Media/ImgMedia/Binaries/Win64/UE4Editor-ImgMediaFactory.dll (API version 3709383).
LogModuleManager: Display: Found up-to-date module file ../../../Engine/Plugins/Media/ImgMedia/Binaries/Win64/UE4Editor-OpenExrWrapper.dll (API version 3709383).
LogModuleManager: Display: Found up-to-date module file ../../../Engine/Plugins/Media/MediaCompositing/Binaries/Win64/UE4Editor-MediaCompositing.dll (API version 3709383).
LogModuleManager: Display: Found up-to-date module file ../../../Engine/Plugins/Media/MediaCompositing/Binaries/Win64/UE4Editor-MediaCompositingEditor.dll (API version 3709383).
LogModuleManager: Display: Found up-to-date module file ../../../Engine/Plugins/Media/MediaPlayerEditor/Binaries/Win64/UE4Editor-MediaPlayerEditor.dll (API version 3709383).
LogModuleManager: Display: Found up-to-date module file ../../../Engine/Plugins/Media/WmfMedia/Binaries/Win64/UE4Editor-WmfMedia.dll (API version 3709383).
LogModuleManager: Display: Found up-to-date module file ../../../Engine/Plugins/Media/WmfMedia/Binaries/Win64/UE4Editor-WmfMediaEditor.dll (API version 3709383).
LogModuleManager: Display: Found up-to-date module file ../../../Engine/Plugins/Media/WmfMedia/Binaries/Win64/UE4Editor-WmfMediaFactory.dll (API version 3709383).
LogModuleManager: Display: Found up-to-date module file ../../../Engine/Plugins/Media/WmfMedia/Binaries/Win64/UE4Editor-WmfMediaFactory.dll (API version 3709383).
LogModuleManager: Display: Found up-to-date module file ../../../Engine/Plugins/Messaging/TcpMessaging/Binaries/Win64/UE4Editor-TcpMessaging.dll (API version 3709383).
LogModuleManager: Display: Found up-to-date module file ../../../Engine/Plugins/Messaging/UdpMessaging/Binaries/Win64/UE4Editor-UdpMessaging.dll (API version 3709383).
LogModuleManager: Display: Found up-to-date module file ../../../Engine/Plugins/MovieScene/ActorSequence/Binaries/Win64/UE4Editor-ActorSequence.dll (API version 3709383).
LogModuleManager: Display: Found up-to-date module file ../../../Engine/Plugins/MovieScene/LevelSequenceEditor/Binaries/Win64/UE4Editor-LevelSequenceEditor.dll (API version 3709383).
LogModuleManager: Display: Found up-to-date module file ../../../Engine/Plugins/MovieScene/MatineeToLevelSequence/Binaries/Win64/UE4Editor-MatineeToLevelSequence.dll (API version 3709383).
LogModuleManager: Display: Found up-to-date module file ../../../Engine/Plugins/Online/OnlineSubsystem/Binaries/Win64/UE4Editor-OnlineSubsystem.dll (API version 3709383).
LogModuleManager: Display: Found up-to-date module file ../../../Engine/Plugins/Runtime/AndroidPermission/Binaries/Win64/UE4Editor-AndroidPermission.dll (API version 3709383).
LogModuleManager: Display: Found up-to-date module file ../../../Engine/Plugins/Online/OnlineSubsystemNull/Binaries/Win64/UE4Editor-OnlineSubsystemNull.dll (API version 3709383).
LogModuleManager: Display: Found up-to-date module file ../../../Engine/Plugins/Online/OnlineSubsystemUtils/Binaries/Win64/UE4Editor-OnlineSubsystemUtils.dll (API version 3709383).
LogModuleManager: Display: Found up-to-date module file ../../../Engine/Plugins/Online/OnlineSubsystemUtils/Binaries/Win64/UE4Editor-OnlineBlueprintSupport.dll (API version 3709383).
LogModuleManager: Display: Found up-to-date module file ../../../Engine/Plugins/Runtime/AndroidDeviceProfileSelector/Binaries/Win64/UE4Editor-AndroidDeviceProfileSelector.dll (API version 3709383).
LogModuleManager: Display: Found up-to-date module file ../../../Engine/Plugins/Runtime/AppleARKit/Binaries/Win64/UE4Editor-AppleARKit.dll (API version 3709383).
LogModuleManager: Display: Found up-to-date module file ../../../Engine/Plugins/Runtime/ArchVisCharacter/Binaries/Win64/UE4Editor-ArchVisCharacter.dll (API version 3709383).
LogModuleManager: Display: Found up-to-date module file ../../../Engine/Plugins/Runtime/CableComponent/Binaries/Win64/UE4Editor-CableComponent.dll (API version 3709383).
LogModuleManager: Display: Found up-to-date module file ../../../Engine/Plugins/Runtime/CustomMeshComponent/Binaries/Win64/UE4Editor-CustomMeshComponent.dll (API version 3709383).
LogModuleManager: Display: Found up-to-date module file ../../../Engine/Plugins/Runtime/ExampleDeviceProfileSelector/Binaries/Win64/UE4Editor-ExampleDeviceProfileSelector.dll (API version 3709383).
LogModuleManager: Display: Found up-to-date module file ../../../Engine/Plugins/Runtime/ImmediatePhysics/Binaries/Win64/UE4Editor-ImmediatePhysics.dll (API version 3709383).
LogModuleManager: Display: Found up-to-date module file ../../../Engine/Plugins/Runtime/ImmediatePhysics/Binaries/Win64/UE4Editor-ImmediatePhysicsEditor.dll (API version 3709383).
LogModuleManager: Display: Found up-to-date module file ../../../Engine/Plugins/Runtime/LocationServicesBPLibrary/Binaries/Win64/UE4Editor-LocationServicesBPLibrary.dll (API version 3709383).
LogModuleManager: Display: Found up-to-date module file ../../../Engine/Plugins/Runtime/MobilePatchingUtils/Binaries/Win64/UE4Editor-MobilePatchingUtils.dll (API version 3709383).
LogModuleManager: Display: Found up-to-date module file ../../../Engine/Plugins/Runtime/Oculus/OculusVR/Binaries/Win64/UE4Editor-OculusHMD.dll (API version 3709383).
LogModuleManager: Display: Found up-to-date module file ../../../Engine/Plugins/Runtime/Oculus/OculusVR/Binaries/Win64/UE4Editor-OculusInput.dll (API version 3709383).
LogModuleManager: Display: Found up-to-date module file ../../../Engine/Plugins/Runtime/Oculus/OculusVR/Binaries/Win64/UE4Editor-OculusEditor.dll (API version 3709383).
LogModuleManager: Display: Found up-to-date module file ../../../Engine/Plugins/Runtime/PhysXVehicles/Binaries/Win64/UE4Editor-PhysXVehicles.dll (API version 3709383).
LogModuleManager: Display: Found up-to-date module file ../../../Engine/Plugins/Runtime/PhysXVehicles/Binaries/Win64/UE4Editor-PhysXVehiclesEditor.dll (API version 3709383).
LogModuleManager: Display: Found up-to-date module file ../../../Engine/Plugins/Runtime/ProceduralMeshComponent/Binaries/Win64/UE4Editor-ProceduralMeshComponent.dll (API version 3709383).
LogModuleManager: Display: Found up-to-date module file ../../../Engine/Plugins/Runtime/ProceduralMeshComponent/Binaries/Win64/UE4Editor-ProceduralMeshComponentEditor.dll (API version 3709383).
LogModuleManager: Display: Found up-to-date module file ../../../Engine/Plugins/Runtime/RuntimePhysXCooking/Binaries/Win64/UE4Editor-RuntimePhysXCooking.dll (API version 3709383).
LogModuleManager: Display: Found up-to-date module file ../../../Engine/Plugins/Runtime/Steam/SteamVR/Binaries/Win64/UE4Editor-SteamVR.dll (API version 3709383).
LogModuleManager: Display: Found up-to-date module file ../../../Engine/Plugins/Runtime/Steam/SteamVR/Binaries/Win64/UE4Editor-SteamVRController.dll (API version 3709383).
LogModuleManager: Display: Found up-to-date module file ../../../Engine/Plugins/Runtime/WindowsMoviePlayer/Binaries/Win64/UE4Editor-WindowsMoviePlayer.dll (API version 3709383).
LogPluginManager: Mounting plugin Paper2D
LogPluginManager: Mounting plugin LightPropagationVolume
LogPluginManager: Mounting plugin CodeLiteSourceCodeAccess
LogPluginManager: Mounting plugin GitSourceControl
LogPluginManager: Mounting plugin KDevelopSourceCodeAccess
LogPluginManager: Mounting plugin NullSourceCodeAccess
LogPluginManager: Mounting plugin PerforceSourceControl
LogPluginManager: Mounting plugin SubversionSourceControl
LogPluginManager: Mounting plugin UObjectPlugin
LogPluginManager: Mounting plugin VisualStudioCodeSourceCodeAccess
LogPluginManager: Mounting plugin VisualStudioSourceCodeAccess
LogPluginManager: Mounting plugin XCodeSourceCodeAccess
LogPluginManager: Mounting plugin AssetManagerEditor
LogPluginManager: Mounting plugin AudioCapture
LogPluginManager: Mounting plugin FacialAnimation
LogPluginManager: Mounting plugin GameplayTagsEditor
LogPluginManager: Mounting plugin MobileLauncherProfileWizard
LogPluginManager: Mounting plugin PluginBrowser
LogPluginManager: Mounting plugin SpeedTreeImporter
LogPluginManager: Mounting plugin AlembicImporter
LogPluginManager: Mounting plugin CharacterAI
LogPluginManager: Mounting plugin HTML5Networking
LogPluginManager: Mounting plugin AndroidMedia
LogPluginManager: Mounting plugin AvfMedia
LogPluginManager: Mounting plugin ImgMedia
LogPluginManager: Mounting plugin MediaCompositing
LogPluginManager: Mounting plugin MediaPlayerEditor
LogPluginManager: Mounting plugin WmfMedia
LogPluginManager: Mounting plugin TcpMessaging
LogPluginManager: Mounting plugin UdpMessaging
LogPluginManager: Mounting plugin ActorSequence
LogPluginManager: Mounting plugin LevelSequenceEditor
LogPluginManager: Mounting plugin MatineeToLevelSequence
LogPluginManager: Mounting plugin OnlineSubsystemGooglePlay
LogPluginManager: Mounting plugin OnlineSubsystemIOS
LogPluginManager: Mounting plugin OnlineSubsystem
LogPluginManager: Mounting plugin OnlineSubsystemNull
LogPluginManager: Mounting plugin OnlineSubsystemUtils
LogPluginManager: Mounting plugin AndroidDeviceProfileSelector
LogPluginManager: Mounting plugin AndroidMoviePlayer
LogPluginManager: Mounting plugin AndroidPermission
LogPluginManager: Mounting plugin AppleARKit
LogPluginManager: Mounting plugin AppleMoviePlayer
LogPluginManager: Mounting plugin ArchVisCharacter
LogPluginManager: Mounting plugin CableComponent
LogPluginManager: Mounting plugin CustomMeshComponent
LogPluginManager: Mounting plugin ExampleDeviceProfileSelector
LogPluginManager: Mounting plugin GoogleCloudMessaging
LogPluginManager: Mounting plugin ImmediatePhysics
LogPluginManager: Mounting plugin IOSDeviceProfileSelector
LogPluginManager: Mounting plugin LinuxDeviceProfileSelector
LogPluginManager: Mounting plugin LocationServicesBPLibrary
LogPluginManager: Mounting plugin MobilePatchingUtils
LogPluginManager: Mounting plugin OculusVR
LogPluginManager: Plugin shader directory ../../../Engine/Plugins/Runtime/Oculus/OculusVR/Shaders found
LogPluginManager: Mapping shader source directory ../../../Engine/Plugins/Runtime/Oculus/OculusVR/Shaders to virtual directory /Plugin/OculusVR
LogPluginManager: Mounting plugin PhysXVehicles
LogPluginManager: Mounting plugin ProceduralMeshComponent
LogPluginManager: Mounting plugin RuntimePhysXCooking
LogPluginManager: Mounting plugin SteamVR
LogPluginManager: Mounting plugin WindowsMoviePlayer
LogInit: Using libcurl 7.47.1
LogInit:  - built for x86_64-pc-win32
LogInit:  - supports SSL with OpenSSL/1.0.2g
LogInit:  - supports HTTP deflate (compression) using libz 1.2.8
LogInit:  - other features:
LogInit:      CURL_VERSION_SSL
LogInit:      CURL_VERSION_LIBZ
LogInit:      CURL_VERSION_IPV6
LogInit:      CURL_VERSION_ASYNCHDNS
LogInit:      CURL_VERSION_LARGEFILE
LogInit:      CURL_VERSION_IDN
LogInit:  CurlRequestOptions (configurable via config and command line):
LogInit:  - bVerifyPeer = false  - Libcurl will NOT verify peer certificate
LogInit:  - bUseHttpProxy = false  - Libcurl will NOT use HTTP proxy
LogInit:  - bDontReuseConnections = false  - Libcurl will reuse connections
LogInit:  - CertBundlePath = nullptr  - Libcurl will use whatever was configured at build time.
LogInit: Build: ++UE4+Release-4.18-CL-3794801
LogInit: Engine Version: 4.18.2-3794801+++UE4+Release-4.18
LogInit: Compatible Engine Version: 4.18.0-3709383+++UE4+Release-4.18
LogInit: Net CL: 3709383
LogDevObjectVersion: Number of dev versions registered: 16
LogDevObjectVersion:   Dev-Blueprints (B0D832E4-1F89-4F0D-ACCF-7EB736FD4AA2): 10
LogDevObjectVersion:   Dev-Build (E1C64328-A22C-4D53-A36C-8E866417BD8C): 0
LogDevObjectVersion:   Dev-Core (375EC13C-06E4-48FB-B500-84F0262A717E): 2
LogDevObjectVersion:   Dev-Editor (E4B068ED-F494-42E9-A231-DA0B2E46BB41): 20
LogDevObjectVersion:   Dev-Framework (CFFC743F-43B0-4480-9391-14DF171D2073): 30
LogDevObjectVersion:   Dev-Mobile (B02B49B5-BB20-44E9-A304-32B752E40360): 0
LogDevObjectVersion:   Dev-Networking (A4E4105C-59A1-49B5-A7C5-40C4547EDFEE): 0
LogDevObjectVersion:   Dev-Online (39C831C9-5AE6-47DC-9A44-9C173E1C8E7C): 0
LogDevObjectVersion:   Dev-Physics (78F01B33-EBEA-4F98-B9B4-84EACCB95AA2): 0
LogDevObjectVersion:   Dev-Platform (6631380F-2D4D-43E0-8009-CF276956A95A): 0
LogDevObjectVersion:   Dev-Rendering (12F88B9F-8875-4AFC-A67C-D90C383ABD29): 20
LogDevObjectVersion:   Dev-Sequencer (7B5AE74C-D270-4C10-A958-57980B212A5A): 4
LogDevObjectVersion:   Dev-VR (D7296918-1DD6-4BDD-9DE2-64A83CC13884): 0
LogDevObjectVersion:   Dev-LoadTimes (C2A15278-BFE7-4AFE-6C17-90FF531DF755): 1
LogDevObjectVersion:   Private-Geometry (6EACA3D4-40EC-4CC1-B786-8BED09428FC5): 1
LogDevObjectVersion:   Dev-AnimPhys (29E575DD-E0A3-4627-9D10-D276232CDCEA): 12
LogInit: Compiled (64-bit): Dec  8 2017 02:04:53
LogInit: Compiled with Visual C++: 19.00.24215.01
LogInit: Build Configuration: Development
LogInit: Branch Name: ++UE4+Release-4.18
LogInit: Command line:  
LogInit: Base directory: C:/Program Files/Epic Games/UE_4.18/Engine/Binaries/Win64/
LogInit: Installed Engine Build: 1
LogInit: Presizing for max 8388607 objects, including 0 objects not considered by GC, pre-allocating 0 bytes for permanent pool.
LogInit: Object subsystem initialized
[2018.01.13-23.30.23:542][  0]LogInit: Selected Device Profile: [Windows]
[2018.01.13-23.30.23:542][  0]LogInit: Applying CVar settings loaded from the selected device profile: [Windows]
[2018.01.13-23.30.23:640][  0]LogInit: Computer: DESKTOP-RIDGAOB
[2018.01.13-23.30.23:640][  0]LogInit: User: Robert
[2018.01.13-23.30.23:640][  0]LogInit: CPU Page size=4096, Cores=4
[2018.01.13-23.30.23:640][  0]LogInit: High frequency timer resolution =3.312657 MHz
[2018.01.13-23.30.23:640][  0]LogMemory: Memory total: Physical=11.9GB (12GB approx)
[2018.01.13-23.30.23:640][  0]LogMemory: Platform Memory Stats for Windows
[2018.01.13-23.30.23:640][  0]LogMemory: Process Physical Memory: 272.24 MB used, 272.24 MB peak
[2018.01.13-23.30.23:640][  0]LogMemory: Process Virtual Memory: 269.69 MB used, 269.69 MB peak
[2018.01.13-23.30.23:640][  0]LogMemory: Physical Memory: 4978.25 MB used,  7249.00 MB free, 12227.25 MB total
[2018.01.13-23.30.23:640][  0]LogMemory: Virtual Memory: 644.33 MB used,  7249.00 MB free, 134217728.00 MB total
[2018.01.13-23.30.24:357][  0]LogInit: Using OS detected language (en-US).
[2018.01.13-23.30.24:358][  0]LogInit: Using OS detected locale (en-US).
[2018.01.13-23.30.24:499][  0]LogTextLocalizationManager: No specific localization for 'en-US' exists, so the 'en' localization will be used.
[2018.01.13-23.30.25:097][  0]LogInit: Setting process to per monitor DPI aware
[2018.01.13-23.30.34:068][  0]LogD3D11RHI: D3D11 adapters:
[2018.01.13-23.30.34:110][  0]LogD3D11RHI:    0. 'NVIDIA GeForce GT 635' (Feature Level 11_0)
[2018.01.13-23.30.34:110][  0]LogD3D11RHI:       2018/0/6113 MB DedicatedVideo/DedicatedSystem/SharedSystem, Outputs:1, VendorId:0x10de
[2018.01.13-23.30.34:112][  0]LogD3D11RHI:    1. 'Microsoft Basic Render Driver' (Feature Level 11_0)
[2018.01.13-23.30.34:112][  0]LogD3D11RHI:       0/0/6113 MB DedicatedVideo/DedicatedSystem/SharedSystem, Outputs:0, VendorId:0x1414
[2018.01.13-23.30.34:112][  0]LogD3D11RHI: Chosen D3D11 Adapter: 0
[2018.01.13-23.30.34:117][  0]LogD3D11RHI: Creating new Direct3DDevice
[2018.01.13-23.30.34:117][  0]LogD3D11RHI:     GPU DeviceId: 0x1280 (for the marketing name, search the web for "GPU Device Id")
[2018.01.13-23.30.34:117][  0]LogWindows: EnumDisplayDevices:
[2018.01.13-23.30.34:117][  0]LogWindows:    0. 'NVIDIA GeForce GT 635' (P:1 D:1)
[2018.01.13-23.30.34:117][  0]LogWindows:    1. 'NVIDIA GeForce GT 635' (P:0 D:0)
[2018.01.13-23.30.34:117][  0]LogWindows: DebugString: FoundDriverCount:2 
[2018.01.13-23.30.34:117][  0]LogD3D11RHI:     Adapter Name: NVIDIA GeForce GT 635
[2018.01.13-23.30.34:117][  0]LogD3D11RHI:   Driver Version: 385.46 (internal:22.21.13.8546, unified:385.46)
[2018.01.13-23.30.34:117][  0]LogD3D11RHI:      Driver Date: 8-25-2017
[2018.01.13-23.30.34:117][  0]LogRHI: Texture pool is 1413 MB (70% of 2018 MB)
[2018.01.13-23.30.34:149][  0]LogD3D11RHI: Async texture creation enabled
[2018.01.13-23.30.34:160][  0]LogD3D11RHI: GPU Timing Frequency: 1000.000000 (Debug: 2 1)
[2018.01.13-23.30.34:161][  0]LogShaderCompilers: Guid format shader working directory is -12 characters bigger than the processId version (../../../../../../Users/Robert/Documents/ProjectSwitchboard/Intermediate/Shaders/WorkingDirectory/4556/).
[2018.01.13-23.30.34:161][  0]LogShaderCompilers: Cleaned the shader compiler working directory 'C:/Users/Robert/AppData/Local/Temp/UnrealShaderWorkingDir/FA13039A48C1280F2C815B9AF39DD472/'.
[2018.01.13-23.30.34:161][  0]LogShaderCompilers: Display: Using Local Shader Compiler.
[2018.01.13-23.30.40:083][  0]LogTemp: Display: Loaded TP AllDesktopTargetPlatform
[2018.01.13-23.30.40:147][  0]LogTemp: Display: Loaded TP MacClientTargetPlatform
[2018.01.13-23.30.40:210][  0]LogTemp: Display: Loaded TP MacNoEditorTargetPlatform
[2018.01.13-23.30.40:273][  0]LogTemp: Display: Loaded TP MacServerTargetPlatform
[2018.01.13-23.30.40:365][  0]LogTemp: Display: Loaded TP MacTargetPlatform
[2018.01.13-23.30.40:429][  0]LogTemp: Display: Loaded TP WindowsClientTargetPlatform
[2018.01.13-23.30.40:493][  0]LogTemp: Display: Loaded TP WindowsNoEditorTargetPlatform
[2018.01.13-23.30.40:556][  0]LogTemp: Display: Loaded TP WindowsServerTargetPlatform
[2018.01.13-23.30.40:610][  0]LogTemp: Display: Loaded TP WindowsTargetPlatform
[2018.01.13-23.30.40:668][  0]LogTemp: Display: Loaded TP Android_ASTCTargetPlatform
[2018.01.13-23.30.40:728][  0]LogTemp: Display: Loaded TP Android_ATCTargetPlatform
[2018.01.13-23.30.40:788][  0]LogTemp: Display: Loaded TP Android_DXTTargetPlatform
[2018.01.13-23.30.40:848][  0]LogTemp: Display: Loaded TP Android_ETC1TargetPlatform
[2018.01.13-23.30.40:905][  0]LogTemp: Display: Loaded TP Android_ETC2TargetPlatform
[2018.01.13-23.30.41:026][  0]LogTemp: Display: Loaded TP Android_MultiTargetPlatform
[2018.01.13-23.30.41:026][  0]LogTemp: Display: Loaded TP Android_PVRTCTargetPlatform
[2018.01.13-23.30.41:109][  0]LogTemp: Display: Loaded TP AndroidTargetPlatform
[2018.01.13-23.30.41:155][  0]LogTemp: Display: Loaded TP HTML5TargetPlatform
[2018.01.13-23.30.41:330][  0]LogTemp: Display: Loaded TP IOSTargetPlatform
[2018.01.13-23.30.41:365][  0]LogTemp: Display: Loaded TP TVOSTargetPlatform
[2018.01.13-23.30.41:423][  0]LogTemp: Display: Loaded TP LinuxClientTargetPlatform
[2018.01.13-23.30.41:485][  0]LogTemp: Display: Loaded TP LinuxNoEditorTargetPlatform
[2018.01.13-23.30.41:544][  0]LogTemp: Display: Loaded TP LinuxServerTargetPlatform
[2018.01.13-23.30.41:630][  0]LogTemp: Display: Loaded TP LinuxTargetPlatform
[2018.01.13-23.30.41:630][  0]LogTargetPlatformManager: Display: Building Assets For Windows
[2018.01.13-23.30.42:813][  0]LogDerivedDataCache: Display: Max Cache Size: 512 MB
[2018.01.13-23.30.43:438][  0]LogDerivedDataCache: Loaded boot cache 0.63s 78MB C:/Users/Robert/AppData/Local/UnrealEngine/4.18/DerivedDataCache/Boot.ddc.
[2018.01.13-23.30.43:438][  0]LogDerivedDataCache: Display: Loaded Boot cache: C:/Users/Robert/AppData/Local/UnrealEngine/4.18/DerivedDataCache/Boot.ddc
[2018.01.13-23.30.43:438][  0]LogDerivedDataCache: FDerivedDataBackendGraph:  Pak pak cache file ../../../../../../Users/Robert/Documents/ProjectSwitchboard/DerivedDataCache/DDC.ddp not found, will not use a pak cache.
[2018.01.13-23.30.43:439][  0]LogDerivedDataCache: Unable to find inner node Pak for hierarchical cache Hierarchy.
[2018.01.13-23.30.43:439][  0]LogDerivedDataCache: FDerivedDataBackendGraph:  CompressedPak pak cache file ../../../../../../Users/Robert/Documents/ProjectSwitchboard/DerivedDataCache/Compressed.ddp not found, will not use a pak cache.
[2018.01.13-23.30.43:439][  0]LogDerivedDataCache: Unable to find inner node CompressedPak for hierarchical cache Hierarchy.
[2018.01.13-23.30.43:539][  0]LogDerivedDataCache: Display: Pak cache opened for reading ../../../Engine/DerivedDataCache/Compressed.ddp.
[2018.01.13-23.30.43:552][  0]LogDerivedDataCache: Using Local data cache path C:/Users/Robert/AppData/Local/UnrealEngine/Common/DerivedDataCache: Writable
[2018.01.13-23.30.43:570][  0]LogMaterial: Verifying Global Shaders for PCD3D_SM5
[2018.01.13-23.30.43:571][  0]LogSlate: Using Freetype 2.6.0
[2018.01.13-23.30.43:601][  0]LogSlate: SlateFontCache - WITH_FREETYPE: 1, WITH_HARFBUZZ: 1
[2018.01.13-23.30.43:601][  0]LogSlate: SlateFontCache - WITH_FREETYPE: 1, WITH_HARFBUZZ: 1
[2018.01.13-23.30.46:472][  0]LogInit: Selected Device Profile: [Windows]
[2018.01.13-23.30.47:189][  0]LogSimplygon: Simplygon DLL not present - disabling.
[2018.01.13-23.30.47:237][  0]LogMeshReduction: Using SimplygonSwarm for distributed automatic mesh merging
[2018.01.13-23.30.47:237][  0]LogMeshReduction: Using QuadricMeshReduction for automatic static mesh reduction
[2018.01.13-23.30.47:237][  0]LogMeshReduction: No automatic skeletal mesh reduction module available
[2018.01.13-23.30.47:237][  0]LogMeshReduction: No automatic mesh merging module available
[2018.01.13-23.30.47:237][  0]LogMeshMerging: No automatic mesh merging module available
[2018.01.13-23.30.47:280][  0]LogNetVersion: ProjectSwitchboard , NetCL: 3709383, EngineNetVer: 2, GameNetVer: 0 (Checksum: 2437704371)
[2018.01.13-23.30.47:916][  0]LogAssetRegistry: FAssetRegistry took 0.0257 seconds to start up
[2018.01.13-23.30.49:646][  0]LogPackageLocalizationCache: Processed 7 localized package path(s) for 2 prioritized culture(s) in 0.065648 seconds
[2018.01.13-23.30.49:651][  0]LogUObjectArray: 35900 objects as part of root set at end of initial load.
[2018.01.13-23.30.49:651][  0]LogUObjectAllocator: 7372016 out of 0 bytes used by permanent object pool.
[2018.01.13-23.30.49:651][  0]LogUObjectArray: CloseDisregardForGC: 0/0 objects in disregard for GC pool
[2018.01.13-23.30.49:718][  0]LogInit: WinSock: version 1.1 (2.2), MaxSocks=32767, MaxUdp=65467
[2018.01.13-23.31.14:846][  0]LogTcpMessaging: Initializing TcpMessaging bridge
[2018.01.13-23.31.14:911][  0]LogUdpMessaging: Initializing bridge on interface 0.0.0.0:0 to multicast group 230.0.0.1:6666.
[2018.01.13-23.31.16:427][  0]LogMaterial: Uniform references updated for custom material expression Custom.
[2018.01.13-23.31.17:350][  0]SourceControl: Source control is disabled
[2018.01.13-23.31.17:350][  0]SourceControl: Source control is disabled
[2018.01.13-23.31.17:448][  0]SourceControl: Source control is disabled
[2018.01.13-23.31.17:554][  0]SourceControl: Source control is disabled
[2018.01.13-23.31.19:586][  0]LogAndroidPermission: UAndroidPermissionCallbackProxy::GetInstance
[2018.01.13-23.31.20:039][  0]LogOcInput: OculusInput pre-init called
[2018.01.13-23.31.20:539][  0]LogEngine: Initializing Engine...
[2018.01.13-23.31.20:541][  0]LogHMD: Failed to initialize OpenVR with code 110
[2018.01.13-23.31.21:045][  0]LogStats: UGameplayTagsManager::ConstructGameplayTagTree: Construct from data asset -  0.000 s
[2018.01.13-23.31.21:045][  0]LogStats: UGameplayTagsManager::ConstructGameplayTagTree: GameplayTagTreeChangedEvent.Broadcast -  0.000 s
[2018.01.13-23.31.21:235][  0]LogAIModule: Creating AISystem for world Untitled
[2018.01.13-23.31.21:368][  0]LogInit: XAudio2 using 'Speakers / Headphones (IDT High Definition Audio CODEC)' : 2 channels at 48 kHz using 32 bits per sample (channel mask 0x3)
[2018.01.13-23.31.21:386][  0]LogInit: FAudioDevice initialized.
[2018.01.13-23.31.21:507][  0]LogDerivedDataCache: Saved boot cache 0.12s 78MB C:/Users/Robert/AppData/Local/UnrealEngine/4.18/DerivedDataCache/Boot.ddc.
[2018.01.13-23.31.21:525][  0]LogInit: Texture streaming: Enabled
[2018.01.13-23.31.21:728][  0]LogEngineSessionManager: EngineSessionManager initialized
[2018.01.13-23.31.21:919][  0]LogWindowsTextInputMethodSystem: Display: IME system now deactivated.
[2018.01.13-23.31.22:447][  0]LogInit: Transaction tracking system initialized
[2018.01.13-23.31.23:045][  0]BlueprintLog: New page: Editor Load
[2018.01.13-23.31.25:029][  0]LocalizationService: Localization service is disabled
[2018.01.13-23.31.26:642][  0]LogConsoleResponse: Display: 
[2018.01.13-23.31.30:432][  0]LogCook: Display: Max memory allowance for cook 16384mb min free memory 0mb
[2018.01.13-23.31.30:432][  0]LogCook: Display: Mobile HDR setting 1
[2018.01.13-23.31.30:432][  0]LogGameplayTags: Display: UGameplayTagsManager::DoneAddingNativeTags. DelegateIsBound: 0
[2018.01.13-23.31.31:179][  0]LogFileCache: Scanning file cache for directory 'C:/Users/Robert/Documents/ProjectSwitchboard/Content/' took 0.01s
[2018.01.13-23.31.34:370][  0]SourceControl: Source control is disabled
[2018.01.13-23.31.34:371][  0]Cmd: MAP LOAD FILE="../../../../../../Users/Robert/Documents/ProjectSwitchboard/Content/ThirdPersonBP/Maps/ThirdPersonExampleMap.umap" TEMPLATE=0 SHOWPROGRESS=1 FEATURELEVEL=3
[2018.01.13-23.31.34:371][  0]LightingResults: New page: Lighting Build
[2018.01.13-23.31.34:438][  0]MapCheck: New page: Map Check
[2018.01.13-23.31.34:438][  0]LightingResults: New page: Lighting Build
[2018.01.13-23.31.35:088][  0]LogAIModule: Creating AISystem for world ThirdPersonExampleMap
[2018.01.13-23.31.35:166][  0]LogEditorServer: Finished looking for orphan Actors (0.000 secs)
[2018.01.13-23.31.35:179][  0]Cmd: MAP CHECKDEP NOCLEARLOG
[2018.01.13-23.31.35:240][  0]MapCheck: Map check complete: 0 Error(s), 0 Warning(s), took 61.254ms to complete.
[2018.01.13-23.31.35:241][  0]LogFileHelpers: Loading map 'ThirdPersonExampleMap' took 0.870
[2018.01.13-23.31.35:832][  0]LogCollectionManager: Loaded 0 collections in 0.001909 seconds
[2018.01.13-23.31.35:932][  0]LogFileCache: Scanning file cache for directory 'C:/Users/Robert/Documents/ProjectSwitchboard/Saved/Collections/' took 0.01s
[2018.01.13-23.31.35:932][  0]LogFileCache: Scanning file cache for directory 'C:/Users/Robert/Documents/ProjectSwitchboard/Content/Developers/Robert/Collections/' took 0.01s
[2018.01.13-23.31.35:932][  0]LogFileCache: Scanning file cache for directory 'C:/Users/Robert/Documents/ProjectSwitchboard/Content/Collections/' took 0.01s
[2018.01.13-23.31.35:932][  0]LogCollectionManager: Rebuilt the GUID cache for 0 collections in 0.000001 seconds
[2018.01.13-23.31.35:941][  0]LogContentBrowser: Native class hierarchy populated in 0.0087 seconds. Added 2363 classes and 519 folders.
[2018.01.13-23.31.36:040][  0]LogContentBrowser: Native class hierarchy updated for 'WidgetCarousel' in 0.0003 seconds. Added 0 classes and 0 folders.
[2018.01.13-23.31.39:424][  0]LogContentBrowser: Native class hierarchy updated for 'AddContentDialog' in 0.0003 seconds. Added 0 classes and 0 folders.
[2018.01.13-23.31.39:506][  0]LogContentBrowser: Native class hierarchy updated for 'SceneOutliner' in 0.0003 seconds. Added 1 classes and 2 folders.
[2018.01.13-23.31.39:599][  0]LogSlate: Took 0.009580 seconds to synchronously load lazily loaded font '../../../Engine/Content/Slate/Fonts/Roboto-Regular.ttf' (155K)
[2018.01.13-23.31.39:619][  0]LogSlate: Took 0.018116 seconds to synchronously load lazily loaded font '../../../Engine/Content/Slate/Fonts/Roboto-Bold.ttf' (160K)
[2018.01.13-23.31.39:639][  0]LogSlate: Took 0.015411 seconds to synchronously load lazily loaded font '../../../Engine/Content/Editor/Slate/Fonts/FontAwesome.ttf' (139K)
[2018.01.13-23.31.39:900][  0]LogRenderer: Reallocating scene render targets to support 1248x652 Format 10 NumSamples 1 (Frame:1).
[2018.01.13-23.31.40:103][  0]LogContentBrowser: Native class hierarchy updated for 'HierarchicalLODOutliner' in 0.0003 seconds. Added 1 classes and 2 folders.
[2018.01.13-23.31.40:103][  0]LogLoad: (Engine Initialization) Total time: 83.16 seconds
[2018.01.13-23.31.40:103][  0]LogLoad: (Engine Initialization) Total Blueprint compile time: 0.00 seconds
[2018.01.13-23.31.40:104][  0]LogExternalProfiler: Found external profiler: VSPerf
[2018.01.13-23.31.40:104][  0]LogExternalProfiler: Using external profiler: VSPerf
[2018.01.13-23.31.40:179][  0]LogAssetRegistry: Asset discovery search completed in 52.2853 seconds
[2018.01.13-23.31.40:181][  0]LogCollectionManager: Rebuilt the object cache for 0 collections in 0.000000 seconds (found 0 objects)
[2018.01.13-23.31.40:181][  0]LogCollectionManager: Fixed up redirectors for 0 collections in 0.000041 seconds (updated 0 objects)
[2018.01.13-23.31.40:182][  0]LogContentStreaming: Texture pool size now 1000 MB
[2018.01.13-23.31.40:353][  0]LogSlate: Took 0.091113 seconds to synchronously load lazily loaded font '../../../Engine/Content/Slate/Fonts/Roboto-Light.ttf' (159K)
[2018.01.13-23.31.41:209][ 23]LogSlate: Took 0.000261 seconds to synchronously load lazily loaded font '../../../Engine/Content/Slate/Fonts/Roboto-Light.ttf' (159K)
[2018.01.13-23.31.51:568][499]LogTemp: Repeating last play command: Standalone Game
[2018.01.13-23.32.36:685][229]LogSlate: Took 0.000149 seconds to synchronously load lazily loaded font '../../../Engine/Content/Slate/Fonts/Roboto-Light.ttf' (159K)
[2018.01.13-23.32.37:186][229]LogSlate: Took 0.000510 seconds to synchronously load lazily loaded font '../../../Engine/Content/Slate/Fonts/Roboto-Regular.ttf' (155K)
[2018.01.13-23.32.37:289][229]LogContentBrowser: Native class hierarchy updated for 'BlueprintGraph' in 0.0006 seconds. Added 116 classes and 0 folders.
[2018.01.13-23.32.38:373][229]LogSlate: Took 0.015672 seconds to synchronously load lazily loaded font '../../../Engine/Content/Editor/Slate/Fonts/Roboto-BoldCondensed.ttf' (158K)
[2018.01.13-23.32.38:595][230]LogSlate: Took 0.023081 seconds to synchronously load lazily loaded font '../../../Engine/Content/Editor/Slate/Fonts/Roboto-Italic.ttf' (157K)
[2018.01.13-23.32.47:922][524]LogRenderer: Reallocating scene render targets to support 1248x808 Format 10 NumSamples 1 (Frame:1).
[2018.01.13-23.33.11:215][521]LogBlueprintUserMessages: Early PlayInEditor Detection: Level '/Game/ThirdPersonBP/Maps/ThirdPersonExampleMap.ThirdPersonExampleMap:PersistentLevel' has LevelScriptBlueprint '/Game/ThirdPersonBP/Maps/ThirdPersonExampleMap.ThirdPersonExampleMap:PersistentLevel.ThirdPersonExampleMap' with GeneratedClass '/Game/ThirdPersonBP/Maps/ThirdPersonExampleMap.ThirdPersonExampleMap_C' with ClassGeneratedBy '/Game/ThirdPersonBP/Maps/ThirdPersonExampleMap.ThirdPersonExampleMap:PersistentLevel.ThirdPersonExampleMap'
[2018.01.13-23.33.11:215][521]LogPlayLevel: PlayLevel: No blueprints needed recompiling
[2018.01.13-23.33.11:216][521]PIE: New page: PIE session: ThirdPersonExampleMap (Jan 13, 2018, 1:33:11 PM)
[2018.01.13-23.33.11:216][521]LogPlayLevel: Creating play world package: /Game/ThirdPersonBP/Maps/UEDPIE_0_ThirdPersonExampleMap
[2018.01.13-23.33.11:253][521]LogPlayLevel: PIE: StaticDuplicateObject took: (0.037264s)
[2018.01.13-23.33.11:256][521]LogAIModule: Creating AISystem for world ThirdPersonExampleMap
[2018.01.13-23.33.11:256][521]LogPlayLevel: PIE: World Init took: (0.002801s)
[2018.01.13-23.33.11:257][521]LogPlayLevel: PIE: Created PIE world by copying editor world from /Game/ThirdPersonBP/Maps/ThirdPersonExampleMap.ThirdPersonExampleMap to /Game/ThirdPersonBP/Maps/UEDPIE_0_ThirdPersonExampleMap.ThirdPersonExampleMap (0.040680s)
[2018.01.13-23.33.11:300][521]LogInit: XAudio2 using 'Speakers / Headphones (IDT High Definition Audio CODEC)' : 2 channels at 48 kHz using 32 bits per sample (channel mask 0x3)
[2018.01.13-23.33.11:305][521]LogInit: FAudioDevice initialized.
[2018.01.13-23.33.11:349][521]LogLoad: Game class is 'ThirdPersonGameMode_C'
[2018.01.13-23.33.11:352][521]LogWorld: Bringing World /Game/ThirdPersonBP/Maps/UEDPIE_0_ThirdPersonExampleMap.ThirdPersonExampleMap up for play (max tick rate 0) at 2018.01.13-18.33.11
[2018.01.13-23.33.11:352][521]LogWorld: Bringing up level for play took: 0.001335
[2018.01.13-23.33.11:407][521]LogContentBrowser: Native class hierarchy updated for 'MovieSceneCapture' in 0.0003 seconds. Added 11 classes and 0 folders.
[2018.01.13-23.33.11:410][521]PIE: Play in editor start time for /Game/ThirdPersonBP/Maps/UEDPIE_0_ThirdPersonExampleMap -0.689
[2018.01.13-23.33.11:410][521]LogBlueprintUserMessages: Late PlayInEditor Detection: Level '/Game/ThirdPersonBP/Maps/ThirdPersonExampleMap.ThirdPersonExampleMap:PersistentLevel' has LevelScriptBlueprint '/Game/ThirdPersonBP/Maps/ThirdPersonExampleMap.ThirdPersonExampleMap:PersistentLevel.ThirdPersonExampleMap' with GeneratedClass '/Game/ThirdPersonBP/Maps/ThirdPersonExampleMap.ThirdPersonExampleMap_C' with ClassGeneratedBy '/Game/ThirdPersonBP/Maps/ThirdPersonExampleMap.ThirdPersonExampleMap:PersistentLevel.ThirdPersonExampleMap'
[2018.01.13-23.33.25:975][ 73]LogBlueprintUserMessages: Early EndPlayMap Detection: Level '/Game/ThirdPersonBP/Maps/ThirdPersonExampleMap.ThirdPersonExampleMap:PersistentLevel' has LevelScriptBlueprint '/Game/ThirdPersonBP/Maps/ThirdPersonExampleMap.ThirdPersonExampleMap:PersistentLevel.ThirdPersonExampleMap' with GeneratedClass '/Game/ThirdPersonBP/Maps/ThirdPersonExampleMap.ThirdPersonExampleMap_C' with ClassGeneratedBy '/Game/ThirdPersonBP/Maps/ThirdPersonExampleMap.ThirdPersonExampleMap:PersistentLevel.ThirdPersonExampleMap'
[2018.01.13-23.33.26:049][ 73]LogBlueprintUserMessages: Late EndPlayMap Detection: Level '/Game/ThirdPersonBP/Maps/ThirdPersonExampleMap.ThirdPersonExampleMap:PersistentLevel' has LevelScriptBlueprint '/Game/ThirdPersonBP/Maps/ThirdPersonExampleMap.ThirdPersonExampleMap:PersistentLevel.ThirdPersonExampleMap' with GeneratedClass '/Game/ThirdPersonBP/Maps/ThirdPersonExampleMap.ThirdPersonExampleMap_C' with ClassGeneratedBy '/Game/ThirdPersonBP/Maps/ThirdPersonExampleMap.ThirdPersonExampleMap:PersistentLevel.ThirdPersonExampleMap'
[2018.01.13-23.36.59:587][184]LogD3D11RHI: Timed out while waiting for GPU to catch up. (0.5 s)
[2018.01.13-23.37.02:547][255]LogD3D11RHI: Timed out while waiting for GPU to catch up. (0.5 s)
[2018.01.13-23.38.48:188][824]BlueprintLog: New page: Compile ThirdPersonCharacter
[2018.01.13-23.38.49:209][839]LogSavePackage: Save=48.81ms
[2018.01.13-23.38.49:209][839]LogSavePackage: Moving '../../../../../../Users/Robert/Documents/ProjectSwitchboard/Saved/ThirdPersonCharacterC9BF689E4D98DCD413D894A804ECC306.tmp' to '../../../../../../Users/Robert/Documents/ProjectSwitchboard/Content/ThirdPersonBP/Blueprints/ThirdPersonCharacter.uasset'
[2018.01.13-23.38.49:213][839]LogSavePackage: Display: Finished SavePackage ../../../../../../Users/Robert/Documents/ProjectSwitchboard/Content/ThirdPersonBP/Blueprints/ThirdPersonCharacter.uasset
[2018.01.13-23.38.51:530][920]LogTemp: Repeating last play command: Selected Viewport
[2018.01.13-23.38.51:556][920]LogBlueprintUserMessages: Early PlayInEditor Detection: Level '/Game/ThirdPersonBP/Maps/ThirdPersonExampleMap.ThirdPersonExampleMap:PersistentLevel' has LevelScriptBlueprint '/Game/ThirdPersonBP/Maps/ThirdPersonExampleMap.ThirdPersonExampleMap:PersistentLevel.ThirdPersonExampleMap' with GeneratedClass '/Game/ThirdPersonBP/Maps/ThirdPersonExampleMap.ThirdPersonExampleMap_C' with ClassGeneratedBy '/Game/ThirdPersonBP/Maps/ThirdPersonExampleMap.ThirdPersonExampleMap:PersistentLevel.ThirdPersonExampleMap'
[2018.01.13-23.38.51:556][920]LogPlayLevel: PlayLevel: No blueprints needed recompiling
[2018.01.13-23.38.51:556][920]PIE: New page: PIE session: ThirdPersonExampleMap (Jan 13, 2018, 1:38:51 PM)
[2018.01.13-23.38.51:556][920]LogPlayLevel: Creating play world package: /Game/ThirdPersonBP/Maps/UEDPIE_0_ThirdPersonExampleMap
[2018.01.13-23.38.51:576][920]LogPlayLevel: PIE: StaticDuplicateObject took: (0.019151s)
[2018.01.13-23.38.51:576][920]LogAIModule: Creating AISystem for world ThirdPersonExampleMap
[2018.01.13-23.38.51:576][920]LogPlayLevel: PIE: World Init took: (0.000890s)
[2018.01.13-23.38.51:577][920]LogPlayLevel: PIE: Created PIE world by copying editor world from /Game/ThirdPersonBP/Maps/ThirdPersonExampleMap.ThirdPersonExampleMap to /Game/ThirdPersonBP/Maps/UEDPIE_0_ThirdPersonExampleMap.ThirdPersonExampleMap (0.020379s)
[2018.01.13-23.38.51:598][920]LogInit: XAudio2 using 'Speakers / Headphones (IDT High Definition Audio CODEC)' : 2 channels at 48 kHz using 32 bits per sample (channel mask 0x3)
[2018.01.13-23.38.51:602][920]LogInit: FAudioDevice initialized.
[2018.01.13-23.38.51:632][920]LogLoad: Game class is 'ThirdPersonGameMode_C'
[2018.01.13-23.38.51:634][920]LogWorld: Bringing World /Game/ThirdPersonBP/Maps/UEDPIE_0_ThirdPersonExampleMap.ThirdPersonExampleMap up for play (max tick rate 0) at 2018.01.13-18.38.51
[2018.01.13-23.38.51:634][920]LogWorld: Bringing up level for play took: 0.001169
[2018.01.13-23.38.51:637][920]PIE: Play in editor start time for /Game/ThirdPersonBP/Maps/UEDPIE_0_ThirdPersonExampleMap -0.461
[2018.01.13-23.38.51:638][920]LogBlueprintUserMessages: Late PlayInEditor Detection: Level '/Game/ThirdPersonBP/Maps/ThirdPersonExampleMap.ThirdPersonExampleMap:PersistentLevel' has LevelScriptBlueprint '/Game/ThirdPersonBP/Maps/ThirdPersonExampleMap.ThirdPersonExampleMap:PersistentLevel.ThirdPersonExampleMap' with GeneratedClass '/Game/ThirdPersonBP/Maps/ThirdPersonExampleMap.ThirdPersonExampleMap_C' with ClassGeneratedBy '/Game/ThirdPersonBP/Maps/ThirdPersonExampleMap.ThirdPersonExampleMap:PersistentLevel.ThirdPersonExampleMap'
[2018.01.13-23.38.54:603][ 30]LogBlueprintUserMessages: Early EndPlayMap Detection: Level '/Game/ThirdPersonBP/Maps/ThirdPersonExampleMap.ThirdPersonExampleMap:PersistentLevel' has LevelScriptBlueprint '/Game/ThirdPersonBP/Maps/ThirdPersonExampleMap.ThirdPersonExampleMap:PersistentLevel.ThirdPersonExampleMap' with GeneratedClass '/Game/ThirdPersonBP/Maps/ThirdPersonExampleMap.ThirdPersonExampleMap_C' with ClassGeneratedBy '/Game/ThirdPersonBP/Maps/ThirdPersonExampleMap.ThirdPersonExampleMap:PersistentLevel.ThirdPersonExampleMap'
[2018.01.13-23.38.54:671][ 30]LogBlueprintUserMessages: Late EndPlayMap Detection: Level '/Game/ThirdPersonBP/Maps/ThirdPersonExampleMap.ThirdPersonExampleMap:PersistentLevel' has LevelScriptBlueprint '/Game/ThirdPersonBP/Maps/ThirdPersonExampleMap.ThirdPersonExampleMap:PersistentLevel.ThirdPersonExampleMap' with GeneratedClass '/Game/ThirdPersonBP/Maps/ThirdPersonExampleMap.ThirdPersonExampleMap_C' with ClassGeneratedBy '/Game/ThirdPersonBP/Maps/ThirdPersonExampleMap.ThirdPersonExampleMap:PersistentLevel.ThirdPersonExampleMap'
[2018.01.13-23.42.53:501][205]LogSavePackage: Save=146.70ms
[2018.01.13-23.42.53:502][205]LogSavePackage: Moving '../../../../../../Users/Robert/Documents/ProjectSwitchboard/Saved/ThirdPersonExampleMap_Auto17A443F284F745EA0B7E96AA5D5A0DD21.tmp' to '../../../../../../Users/Robert/Documents/ProjectSwitchboard/Saved/Autosaves/Game/ThirdPersonBP/Maps/ThirdPersonExampleMap_Auto1.umap'
[2018.01.13-23.42.53:504][205]LogSavePackage: Display: Finished SavePackage ../../../../../../Users/Robert/Documents/ProjectSwitchboard/Saved/Autosaves/Game/ThirdPersonBP/Maps/ThirdPersonExampleMap_Auto1.umap
[2018.01.13-23.42.53:512][205]LogFileHelpers: Editor autosave (incl. sublevels) for '/Game/ThirdPersonBP/Maps/ThirdPersonExampleMap' took 0.212
[2018.01.13-23.42.53:512][205]LogFileHelpers: Editor autosave (incl. sublevels) for all levels took 0.212
[2018.01.13-23.42.53:515][205]OBJ SavePackage: Generating thumbnails for [1] asset(s) in package [/Game/ThirdPersonBP/Blueprints/ThirdPersonCharacter] ([1] browsable assets)...
[2018.01.13-23.42.53:571][205]OBJ SavePackage:     Rendered thumbnail for [Blueprint /Game/ThirdPersonBP/Blueprints/ThirdPersonCharacter.ThirdPersonCharacter]
[2018.01.13-23.42.53:571][205]OBJ SavePackage: Finished generating thumbnails for package [/Game/ThirdPersonBP/Blueprints/ThirdPersonCharacter]
[2018.01.13-23.42.53:660][205]LogSavePackage: Save=84.87ms
[2018.01.13-23.42.53:660][205]LogSavePackage: Moving '../../../../../../Users/Robert/Documents/ProjectSwitchboard/Saved/ThirdPersonCharacter_Auto189C9703F4659FAE4252A1F9DCF454049.tmp' to '../../../../../../Users/Robert/Documents/ProjectSwitchboard/Saved/Autosaves/Game/ThirdPersonBP/Blueprints/ThirdPersonCharacter_Auto1.uasset'
[2018.01.13-23.42.53:662][205]LogSavePackage: Display: Finished SavePackage ../../../../../../Users/Robert/Documents/ProjectSwitchboard/Saved/Autosaves/Game/ThirdPersonBP/Blueprints/ThirdPersonCharacter_Auto1.uasset
[2018.01.13-23.42.53:662][205]LogFileHelpers: Auto-saving content packages took 0.148
[2018.01.13-23.47.26:207][196]BlueprintLog: New page: Compile ThirdPersonCharacter
[2018.01.13-23.47.27:329][212]LogSavePackage: Save=55.81ms
[2018.01.13-23.47.27:329][212]LogSavePackage: Moving '../../../../../../Users/Robert/Documents/ProjectSwitchboard/Saved/ThirdPersonCharacter02853D0E426279B85F66F5A636E59C3D.tmp' to '../../../../../../Users/Robert/Documents/ProjectSwitchboard/Content/ThirdPersonBP/Blueprints/ThirdPersonCharacter.uasset'
[2018.01.13-23.47.27:336][212]LogSavePackage: Display: Finished SavePackage ../../../../../../Users/Robert/Documents/ProjectSwitchboard/Content/ThirdPersonBP/Blueprints/ThirdPersonCharacter.uasset
[2018.01.13-23.47.30:523][317]LogTemp: Repeating last play command: Selected Viewport
[2018.01.13-23.47.30:551][317]LogBlueprintUserMessages: Early PlayInEditor Detection: Level '/Game/ThirdPersonBP/Maps/ThirdPersonExampleMap.ThirdPersonExampleMap:PersistentLevel' has LevelScriptBlueprint '/Game/ThirdPersonBP/Maps/ThirdPersonExampleMap.ThirdPersonExampleMap:PersistentLevel.ThirdPersonExampleMap' with GeneratedClass '/Game/ThirdPersonBP/Maps/ThirdPersonExampleMap.ThirdPersonExampleMap_C' with ClassGeneratedBy '/Game/ThirdPersonBP/Maps/ThirdPersonExampleMap.ThirdPersonExampleMap:PersistentLevel.ThirdPersonExampleMap'
[2018.01.13-23.47.30:551][317]LogPlayLevel: PlayLevel: No blueprints needed recompiling
[2018.01.13-23.47.30:552][317]PIE: New page: PIE session: ThirdPersonExampleMap (Jan 13, 2018, 1:47:30 PM)
[2018.01.13-23.47.30:552][317]LogPlayLevel: Creating play world package: /Game/ThirdPersonBP/Maps/UEDPIE_0_ThirdPersonExampleMap
[2018.01.13-23.47.30:570][317]LogPlayLevel: PIE: StaticDuplicateObject took: (0.018446s)
[2018.01.13-23.47.30:571][317]LogAIModule: Creating AISystem for world ThirdPersonExampleMap
[2018.01.13-23.47.30:571][317]LogPlayLevel: PIE: World Init took: (0.000927s)
[2018.01.13-23.47.30:571][317]LogPlayLevel: PIE: Created PIE world by copying editor world from /Game/ThirdPersonBP/Maps/ThirdPersonExampleMap.ThirdPersonExampleMap to /Game/ThirdPersonBP/Maps/UEDPIE_0_ThirdPersonExampleMap.ThirdPersonExampleMap (0.019706s)
[2018.01.13-23.47.30:594][317]LogInit: XAudio2 using 'Speakers / Headphones (IDT High Definition Audio CODEC)' : 2 channels at 48 kHz using 32 bits per sample (channel mask 0x3)
[2018.01.13-23.47.30:598][317]LogInit: FAudioDevice initialized.
[2018.01.13-23.47.30:630][317]LogLoad: Game class is 'ThirdPersonGameMode_C'
[2018.01.13-23.47.30:632][317]LogWorld: Bringing World /Game/ThirdPersonBP/Maps/UEDPIE_0_ThirdPersonExampleMap.ThirdPersonExampleMap up for play (max tick rate 0) at 2018.01.13-18.47.30
[2018.01.13-23.47.30:632][317]LogWorld: Bringing up level for play took: 0.001148
[2018.01.13-23.47.30:635][317]PIE: Play in editor start time for /Game/ThirdPersonBP/Maps/UEDPIE_0_ThirdPersonExampleMap 0.536
[2018.01.13-23.47.30:635][317]LogBlueprintUserMessages: Late PlayInEditor Detection: Level '/Game/ThirdPersonBP/Maps/ThirdPersonExampleMap.ThirdPersonExampleMap:PersistentLevel' has LevelScriptBlueprint '/Game/ThirdPersonBP/Maps/ThirdPersonExampleMap.ThirdPersonExampleMap:PersistentLevel.ThirdPersonExampleMap' with GeneratedClass '/Game/ThirdPersonBP/Maps/ThirdPersonExampleMap.ThirdPersonExampleMap_C' with ClassGeneratedBy '/Game/ThirdPersonBP/Maps/ThirdPersonExampleMap.ThirdPersonExampleMap:PersistentLevel.ThirdPersonExampleMap'
[2018.01.13-23.47.36:568][513]LogBlueprintUserMessages: Early EndPlayMap Detection: Level '/Game/ThirdPersonBP/Maps/ThirdPersonExampleMap.ThirdPersonExampleMap:PersistentLevel' has LevelScriptBlueprint '/Game/ThirdPersonBP/Maps/ThirdPersonExampleMap.ThirdPersonExampleMap:PersistentLevel.ThirdPersonExampleMap' with GeneratedClass '/Game/ThirdPersonBP/Maps/ThirdPersonExampleMap.ThirdPersonExampleMap_C' with ClassGeneratedBy '/Game/ThirdPersonBP/Maps/ThirdPersonExampleMap.ThirdPersonExampleMap:PersistentLevel.ThirdPersonExampleMap'
[2018.01.13-23.47.36:646][513]LogBlueprintUserMessages: Late EndPlayMap Detection: Level '/Game/ThirdPersonBP/Maps/ThirdPersonExampleMap.ThirdPersonExampleMap:PersistentLevel' has LevelScriptBlueprint '/Game/ThirdPersonBP/Maps/ThirdPersonExampleMap.ThirdPersonExampleMap:PersistentLevel.ThirdPersonExampleMap' with GeneratedClass '/Game/ThirdPersonBP/Maps/ThirdPersonExampleMap.ThirdPersonExampleMap_C' with ClassGeneratedBy '/Game/ThirdPersonBP/Maps/ThirdPersonExampleMap.ThirdPersonExampleMap:PersistentLevel.ThirdPersonExampleMap'
[2018.01.13-23.47.39:649][615]LogTemp: Repeating last play command: Selected Viewport
[2018.01.13-23.47.39:676][615]LogBlueprintUserMessages: Early PlayInEditor Detection: Level '/Game/ThirdPersonBP/Maps/ThirdPersonExampleMap.ThirdPersonExampleMap:PersistentLevel' has LevelScriptBlueprint '/Game/ThirdPersonBP/Maps/ThirdPersonExampleMap.ThirdPersonExampleMap:PersistentLevel.ThirdPersonExampleMap' with GeneratedClass '/Game/ThirdPersonBP/Maps/ThirdPersonExampleMap.ThirdPersonExampleMap_C' with ClassGeneratedBy '/Game/ThirdPersonBP/Maps/ThirdPersonExampleMap.ThirdPersonExampleMap:PersistentLevel.ThirdPersonExampleMap'
[2018.01.13-23.47.39:677][615]LogPlayLevel: PlayLevel: No blueprints needed recompiling
[2018.01.13-23.47.39:677][615]PIE: New page: PIE session: ThirdPersonExampleMap (Jan 13, 2018, 1:47:39 PM)
[2018.01.13-23.47.39:677][615]LogPlayLevel: Creating play world package: /Game/ThirdPersonBP/Maps/UEDPIE_0_ThirdPersonExampleMap
[2018.01.13-23.47.39:695][615]LogPlayLevel: PIE: StaticDuplicateObject took: (0.018609s)
[2018.01.13-23.47.39:696][615]LogAIModule: Creating AISystem for world ThirdPersonExampleMap
[2018.01.13-23.47.39:696][615]LogPlayLevel: PIE: World Init took: (0.000759s)
[2018.01.13-23.47.39:696][615]LogPlayLevel: PIE: Created PIE world by copying editor world from /Game/ThirdPersonBP/Maps/ThirdPersonExampleMap.ThirdPersonExampleMap to /Game/ThirdPersonBP/Maps/UEDPIE_0_ThirdPersonExampleMap.ThirdPersonExampleMap (0.019644s)
[2018.01.13-23.47.39:720][615]LogInit: XAudio2 using 'Speakers / Headphones (IDT High Definition Audio CODEC)' : 2 channels at 48 kHz using 32 bits per sample (channel mask 0x3)
[2018.01.13-23.47.39:724][615]LogInit: FAudioDevice initialized.
[2018.01.13-23.47.39:761][615]LogLoad: Game class is 'ThirdPersonGameMode_C'
[2018.01.13-23.47.39:763][615]LogWorld: Bringing World /Game/ThirdPersonBP/Maps/UEDPIE_0_ThirdPersonExampleMap.ThirdPersonExampleMap up for play (max tick rate 0) at 2018.01.13-18.47.39
[2018.01.13-23.47.39:763][615]LogWorld: Bringing up level for play took: 0.001252
[2018.01.13-23.47.39:766][615]PIE: Play in editor start time for /Game/ThirdPersonBP/Maps/UEDPIE_0_ThirdPersonExampleMap -0.333
[2018.01.13-23.47.39:766][615]LogBlueprintUserMessages: Late PlayInEditor Detection: Level '/Game/ThirdPersonBP/Maps/ThirdPersonExampleMap.ThirdPersonExampleMap:PersistentLevel' has LevelScriptBlueprint '/Game/ThirdPersonBP/Maps/ThirdPersonExampleMap.ThirdPersonExampleMap:PersistentLevel.ThirdPersonExampleMap' with GeneratedClass '/Game/ThirdPersonBP/Maps/ThirdPersonExampleMap.ThirdPersonExampleMap_C' with ClassGeneratedBy '/Game/ThirdPersonBP/Maps/ThirdPersonExampleMap.ThirdPersonExampleMap:PersistentLevel.ThirdPersonExampleMap'
[2018.01.13-23.47.44:332][798]LogBlueprintUserMessages: Early EndPlayMap Detection: Level '/Game/ThirdPersonBP/Maps/ThirdPersonExampleMap.ThirdPersonExampleMap:PersistentLevel' has LevelScriptBlueprint '/Game/ThirdPersonBP/Maps/ThirdPersonExampleMap.ThirdPersonExampleMap:PersistentLevel.ThirdPersonExampleMap' with GeneratedClass '/Game/ThirdPersonBP/Maps/ThirdPersonExampleMap.ThirdPersonExampleMap_C' with ClassGeneratedBy '/Game/ThirdPersonBP/Maps/ThirdPersonExampleMap.ThirdPersonExampleMap:PersistentLevel.ThirdPersonExampleMap'
[2018.01.13-23.47.44:392][798]LogBlueprintUserMessages: Late EndPlayMap Detection: Level '/Game/ThirdPersonBP/Maps/ThirdPersonExampleMap.ThirdPersonExampleMap:PersistentLevel' has LevelScriptBlueprint '/Game/ThirdPersonBP/Maps/ThirdPersonExampleMap.ThirdPersonExampleMap:PersistentLevel.ThirdPersonExampleMap' with GeneratedClass '/Game/ThirdPersonBP/Maps/ThirdPersonExampleMap.ThirdPersonExampleMap_C' with ClassGeneratedBy '/Game/ThirdPersonBP/Maps/ThirdPersonExampleMap.ThirdPersonExampleMap:PersistentLevel.ThirdPersonExampleMap'
[2018.01.13-23.48.19:270][803]BlueprintLog: New page: Compile ThirdPersonCharacter
[2018.01.13-23.48.20:255][813]LogSavePackage: Save=80.34ms
[2018.01.13-23.48.20:255][813]LogSavePackage: Moving '../../../../../../Users/Robert/Documents/ProjectSwitchboard/Saved/ThirdPersonCharacter191D009F4BEC8DB957C218A1176DD20B.tmp' to '../../../../../../Users/Robert/Documents/ProjectSwitchboard/Content/ThirdPersonBP/Blueprints/ThirdPersonCharacter.uasset'
[2018.01.13-23.48.20:258][813]LogSavePackage: Display: Finished SavePackage ../../../../../../Users/Robert/Documents/ProjectSwitchboard/Content/ThirdPersonBP/Blueprints/ThirdPersonCharacter.uasset
[2018.01.13-23.48.22:776][903]LogTemp: Repeating last play command: Selected Viewport
[2018.01.13-23.48.22:804][903]LogBlueprintUserMessages: Early PlayInEditor Detection: Level '/Game/ThirdPersonBP/Maps/ThirdPersonExampleMap.ThirdPersonExampleMap:PersistentLevel' has LevelScriptBlueprint '/Game/ThirdPersonBP/Maps/ThirdPersonExampleMap.ThirdPersonExampleMap:PersistentLevel.ThirdPersonExampleMap' with GeneratedClass '/Game/ThirdPersonBP/Maps/ThirdPersonExampleMap.ThirdPersonExampleMap_C' with ClassGeneratedBy '/Game/ThirdPersonBP/Maps/ThirdPersonExampleMap.ThirdPersonExampleMap:PersistentLevel.ThirdPersonExampleMap'
[2018.01.13-23.48.22:804][903]LogPlayLevel: PlayLevel: No blueprints needed recompiling
[2018.01.13-23.48.22:804][903]PIE: New page: PIE session: ThirdPersonExampleMap (Jan 13, 2018, 1:48:22 PM)
[2018.01.13-23.48.22:804][903]LogPlayLevel: Creating play world package: /Game/ThirdPersonBP/Maps/UEDPIE_0_ThirdPersonExampleMap
[2018.01.13-23.48.22:822][903]LogPlayLevel: PIE: StaticDuplicateObject took: (0.017833s)
[2018.01.13-23.48.22:823][903]LogAIModule: Creating AISystem for world ThirdPersonExampleMap
[2018.01.13-23.48.22:823][903]LogPlayLevel: PIE: World Init took: (0.001030s)
[2018.01.13-23.48.22:823][903]LogPlayLevel: PIE: Created PIE world by copying editor world from /Game/ThirdPersonBP/Maps/ThirdPersonExampleMap.ThirdPersonExampleMap to /Game/ThirdPersonBP/Maps/UEDPIE_0_ThirdPersonExampleMap.ThirdPersonExampleMap (0.019190s)
[2018.01.13-23.48.22:846][903]LogInit: XAudio2 using 'Speakers / Headphones (IDT High Definition Audio CODEC)' : 2 channels at 48 kHz using 32 bits per sample (channel mask 0x3)
[2018.01.13-23.48.22:850][903]LogInit: FAudioDevice initialized.
[2018.01.13-23.48.22:881][903]LogLoad: Game class is 'ThirdPersonGameMode_C'
[2018.01.13-23.48.22:882][903]LogWorld: Bringing World /Game/ThirdPersonBP/Maps/UEDPIE_0_ThirdPersonExampleMap.ThirdPersonExampleMap up for play (max tick rate 0) at 2018.01.13-18.48.22
[2018.01.13-23.48.22:882][903]LogWorld: Bringing up level for play took: 0.001139
[2018.01.13-23.48.22:885][903]PIE: Play in editor start time for /Game/ThirdPersonBP/Maps/UEDPIE_0_ThirdPersonExampleMap 0.787
[2018.01.13-23.48.22:885][903]LogBlueprintUserMessages: Late PlayInEditor Detection: Level '/Game/ThirdPersonBP/Maps/ThirdPersonExampleMap.ThirdPersonExampleMap:PersistentLevel' has LevelScriptBlueprint '/Game/ThirdPersonBP/Maps/ThirdPersonExampleMap.ThirdPersonExampleMap:PersistentLevel.ThirdPersonExampleMap' with GeneratedClass '/Game/ThirdPersonBP/Maps/ThirdPersonExampleMap.ThirdPersonExampleMap_C' with ClassGeneratedBy '/Game/ThirdPersonBP/Maps/ThirdPersonExampleMap.ThirdPersonExampleMap:PersistentLevel.ThirdPersonExampleMap'
[2018.01.13-23.48.29:499][164]LogBlueprintUserMessages: Early EndPlayMap Detection: Level '/Game/ThirdPersonBP/Maps/ThirdPersonExampleMap.ThirdPersonExampleMap:PersistentLevel' has LevelScriptBlueprint '/Game/ThirdPersonBP/Maps/ThirdPersonExampleMap.ThirdPersonExampleMap:PersistentLevel.ThirdPersonExampleMap' with GeneratedClass '/Game/ThirdPersonBP/Maps/ThirdPersonExampleMap.ThirdPersonExampleMap_C' with ClassGeneratedBy '/Game/ThirdPersonBP/Maps/ThirdPersonExampleMap.ThirdPersonExampleMap:PersistentLevel.ThirdPersonExampleMap'
[2018.01.13-23.48.29:561][164]LogBlueprintUserMessages: Late EndPlayMap Detection: Level '/Game/ThirdPersonBP/Maps/ThirdPersonExampleMap.ThirdPersonExampleMap:PersistentLevel' has LevelScriptBlueprint '/Game/ThirdPersonBP/Maps/ThirdPersonExampleMap.ThirdPersonExampleMap:PersistentLevel.ThirdPersonExampleMap' with GeneratedClass '/Game/ThirdPersonBP/Maps/ThirdPersonExampleMap.ThirdPersonExampleMap_C' with ClassGeneratedBy '/Game/ThirdPersonBP/Maps/ThirdPersonExampleMap.ThirdPersonExampleMap:PersistentLevel.ThirdPersonExampleMap'
[2018.01.13-23.49.21:255][855]BlueprintLog: New page: Compile ThirdPersonCharacter
[2018.01.13-23.49.22:215][866]LogSavePackage: Save=59.10ms
[2018.01.13-23.49.22:215][866]LogSavePackage: Moving '../../../../../../Users/Robert/Documents/ProjectSwitchboard/Saved/ThirdPersonCharacterD437B9464E555A923FCF8692C8AF8328.tmp' to '../../../../../../Users/Robert/Documents/ProjectSwitchboard/Content/ThirdPersonBP/Blueprints/ThirdPersonCharacter.uasset'
[2018.01.13-23.49.22:218][866]LogSavePackage: Display: Finished SavePackage ../../../../../../Users/Robert/Documents/ProjectSwitchboard/Content/ThirdPersonBP/Blueprints/ThirdPersonCharacter.uasset
[2018.01.13-23.49.24:649][953]LogTemp: Repeating last play command: Selected Viewport
[2018.01.13-23.49.24:678][953]LogBlueprintUserMessages: Early PlayInEditor Detection: Level '/Game/ThirdPersonBP/Maps/ThirdPersonExampleMap.ThirdPersonExampleMap:PersistentLevel' has LevelScriptBlueprint '/Game/ThirdPersonBP/Maps/ThirdPersonExampleMap.ThirdPersonExampleMap:PersistentLevel.ThirdPersonExampleMap' with GeneratedClass '/Game/ThirdPersonBP/Maps/ThirdPersonExampleMap.ThirdPersonExampleMap_C' with ClassGeneratedBy '/Game/ThirdPersonBP/Maps/ThirdPersonExampleMap.ThirdPersonExampleMap:PersistentLevel.ThirdPersonExampleMap'
[2018.01.13-23.49.24:678][953]LogPlayLevel: PlayLevel: No blueprints needed recompiling
[2018.01.13-23.49.24:679][953]PIE: New page: PIE session: ThirdPersonExampleMap (Jan 13, 2018, 1:49:24 PM)
[2018.01.13-23.49.24:679][953]LogPlayLevel: Creating play world package: /Game/ThirdPersonBP/Maps/UEDPIE_0_ThirdPersonExampleMap
[2018.01.13-23.49.24:697][953]LogPlayLevel: PIE: StaticDuplicateObject took: (0.018762s)
[2018.01.13-23.49.24:698][953]LogAIModule: Creating AISystem for world ThirdPersonExampleMap
[2018.01.13-23.49.24:699][953]LogPlayLevel: PIE: World Init took: (0.000999s)
[2018.01.13-23.49.24:699][953]LogPlayLevel: PIE: Created PIE world by copying editor world from /Game/ThirdPersonBP/Maps/ThirdPersonExampleMap.ThirdPersonExampleMap to /Game/ThirdPersonBP/Maps/UEDPIE_0_ThirdPersonExampleMap.ThirdPersonExampleMap (0.020109s)
[2018.01.13-23.49.24:723][953]LogInit: XAudio2 using 'Speakers / Headphones (IDT High Definition Audio CODEC)' : 2 channels at 48 kHz using 32 bits per sample (channel mask 0x3)
[2018.01.13-23.49.24:727][953]LogInit: FAudioDevice initialized.
[2018.01.13-23.49.24:759][953]LogLoad: Game class is 'ThirdPersonGameMode_C'
[2018.01.13-23.49.24:761][953]LogWorld: Bringing World /Game/ThirdPersonBP/Maps/UEDPIE_0_ThirdPersonExampleMap.ThirdPersonExampleMap up for play (max tick rate 0) at 2018.01.13-18.49.24
[2018.01.13-23.49.24:762][953]LogWorld: Bringing up level for play took: 0.001177
[2018.01.13-23.49.24:765][953]PIE: Play in editor start time for /Game/ThirdPersonBP/Maps/UEDPIE_0_ThirdPersonExampleMap 0.666
[2018.01.13-23.49.24:765][953]LogBlueprintUserMessages: Late PlayInEditor Detection: Level '/Game/ThirdPersonBP/Maps/ThirdPersonExampleMap.ThirdPersonExampleMap:PersistentLevel' has LevelScriptBlueprint '/Game/ThirdPersonBP/Maps/ThirdPersonExampleMap.ThirdPersonExampleMap:PersistentLevel.ThirdPersonExampleMap' with GeneratedClass '/Game/ThirdPersonBP/Maps/ThirdPersonExampleMap.ThirdPersonExampleMap_C' with ClassGeneratedBy '/Game/ThirdPersonBP/Maps/ThirdPersonExampleMap.ThirdPersonExampleMap:PersistentLevel.ThirdPersonExampleMap'
[2018.01.13-23.49.32:043][231]LogBlueprintUserMessages: Early EndPlayMap Detection: Level '/Game/ThirdPersonBP/Maps/ThirdPersonExampleMap.ThirdPersonExampleMap:PersistentLevel' has LevelScriptBlueprint '/Game/ThirdPersonBP/Maps/ThirdPersonExampleMap.ThirdPersonExampleMap:PersistentLevel.ThirdPersonExampleMap' with GeneratedClass '/Game/ThirdPersonBP/Maps/ThirdPersonExampleMap.ThirdPersonExampleMap_C' with ClassGeneratedBy '/Game/ThirdPersonBP/Maps/ThirdPersonExampleMap.ThirdPersonExampleMap:PersistentLevel.ThirdPersonExampleMap'
[2018.01.13-23.49.32:107][231]LogBlueprintUserMessages: Late EndPlayMap Detection: Level '/Game/ThirdPersonBP/Maps/ThirdPersonExampleMap.ThirdPersonExampleMap:PersistentLevel' has LevelScriptBlueprint '/Game/ThirdPersonBP/Maps/ThirdPersonExampleMap.ThirdPersonExampleMap:PersistentLevel.ThirdPersonExampleMap' with GeneratedClass '/Game/ThirdPersonBP/Maps/ThirdPersonExampleMap.ThirdPersonExampleMap_C' with ClassGeneratedBy '/Game/ThirdPersonBP/Maps/ThirdPersonExampleMap.ThirdPersonExampleMap:PersistentLevel.ThirdPersonExampleMap'
[2018.01.13-23.49.51:189][856]BlueprintLog: New page: Compile ThirdPersonCharacter
[2018.01.13-23.49.52:161][868]LogSavePackage: Save=58.76ms
[2018.01.13-23.49.52:162][868]LogSavePackage: Moving '../../../../../../Users/Robert/Documents/ProjectSwitchboard/Saved/ThirdPersonCharacterF59BA7F645ED069A665B5DAD8D607B4E.tmp' to '../../../../../../Users/Robert/Documents/ProjectSwitchboard/Content/ThirdPersonBP/Blueprints/ThirdPersonCharacter.uasset'
[2018.01.13-23.49.52:165][868]LogSavePackage: Display: Finished SavePackage ../../../../../../Users/Robert/Documents/ProjectSwitchboard/Content/ThirdPersonBP/Blueprints/ThirdPersonCharacter.uasset
[2018.01.13-23.49.54:077][936]LogTemp: Repeating last play command: Selected Viewport
[2018.01.13-23.49.54:107][936]LogBlueprintUserMessages: Early PlayInEditor Detection: Level '/Game/ThirdPersonBP/Maps/ThirdPersonExampleMap.ThirdPersonExampleMap:PersistentLevel' has LevelScriptBlueprint '/Game/ThirdPersonBP/Maps/ThirdPersonExampleMap.ThirdPersonExampleMap:PersistentLevel.ThirdPersonExampleMap' with GeneratedClass '/Game/ThirdPersonBP/Maps/ThirdPersonExampleMap.ThirdPersonExampleMap_C' with ClassGeneratedBy '/Game/ThirdPersonBP/Maps/ThirdPersonExampleMap.ThirdPersonExampleMap:PersistentLevel.ThirdPersonExampleMap'
[2018.01.13-23.49.54:108][936]LogPlayLevel: PlayLevel: No blueprints needed recompiling
[2018.01.13-23.49.54:108][936]PIE: New page: PIE session: ThirdPersonExampleMap (Jan 13, 2018, 1:49:54 PM)
[2018.01.13-23.49.54:108][936]LogPlayLevel: Creating play world package: /Game/ThirdPersonBP/Maps/UEDPIE_0_ThirdPersonExampleMap
[2018.01.13-23.49.54:129][936]LogPlayLevel: PIE: StaticDuplicateObject took: (0.021355s)
[2018.01.13-23.49.54:130][936]LogAIModule: Creating AISystem for world ThirdPersonExampleMap
[2018.01.13-23.49.54:130][936]LogPlayLevel: PIE: World Init took: (0.000884s)
[2018.01.13-23.49.54:130][936]LogPlayLevel: PIE: Created PIE world by copying editor world from /Game/ThirdPersonBP/Maps/ThirdPersonExampleMap.ThirdPersonExampleMap to /Game/ThirdPersonBP/Maps/UEDPIE_0_ThirdPersonExampleMap.ThirdPersonExampleMap (0.022564s)
[2018.01.13-23.49.54:154][936]LogInit: XAudio2 using 'Speakers / Headphones (IDT High Definition Audio CODEC)' : 2 channels at 48 kHz using 32 bits per sample (channel mask 0x3)
[2018.01.13-23.49.54:158][936]LogInit: FAudioDevice initialized.
[2018.01.13-23.49.54:191][936]LogLoad: Game class is 'ThirdPersonGameMode_C'
[2018.01.13-23.49.54:193][936]LogWorld: Bringing World /Game/ThirdPersonBP/Maps/UEDPIE_0_ThirdPersonExampleMap.ThirdPersonExampleMap up for play (max tick rate 0) at 2018.01.13-18.49.54
[2018.01.13-23.49.54:193][936]LogWorld: Bringing up level for play took: 0.001129
[2018.01.13-23.49.54:196][936]PIE: Play in editor start time for /Game/ThirdPersonBP/Maps/UEDPIE_0_ThirdPersonExampleMap 0.098
[2018.01.13-23.49.54:196][936]LogBlueprintUserMessages: Late PlayInEditor Detection: Level '/Game/ThirdPersonBP/Maps/ThirdPersonExampleMap.ThirdPersonExampleMap:PersistentLevel' has LevelScriptBlueprint '/Game/ThirdPersonBP/Maps/ThirdPersonExampleMap.ThirdPersonExampleMap:PersistentLevel.ThirdPersonExampleMap' with GeneratedClass '/Game/ThirdPersonBP/Maps/ThirdPersonExampleMap.ThirdPersonExampleMap_C' with ClassGeneratedBy '/Game/ThirdPersonBP/Maps/ThirdPersonExampleMap.ThirdPersonExampleMap:PersistentLevel.ThirdPersonExampleMap'
[2018.01.13-23.49.58:398][ 96]LogBlueprintUserMessages: Early EndPlayMap Detection: Level '/Game/ThirdPersonBP/Maps/ThirdPersonExampleMap.ThirdPersonExampleMap:PersistentLevel' has LevelScriptBlueprint '/Game/ThirdPersonBP/Maps/ThirdPersonExampleMap.ThirdPersonExampleMap:PersistentLevel.ThirdPersonExampleMap' with GeneratedClass '/Game/ThirdPersonBP/Maps/ThirdPersonExampleMap.ThirdPersonExampleMap_C' with ClassGeneratedBy '/Game/ThirdPersonBP/Maps/ThirdPersonExampleMap.ThirdPersonExampleMap:PersistentLevel.ThirdPersonExampleMap'
[2018.01.13-23.49.58:467][ 96]LogBlueprintUserMessages: Late EndPlayMap Detection: Level '/Game/ThirdPersonBP/Maps/ThirdPersonExampleMap.ThirdPersonExampleMap:PersistentLevel' has LevelScriptBlueprint '/Game/ThirdPersonBP/Maps/ThirdPersonExampleMap.ThirdPersonExampleMap:PersistentLevel.ThirdPersonExampleMap' with GeneratedClass '/Game/ThirdPersonBP/Maps/ThirdPersonExampleMap.ThirdPersonExampleMap_C' with ClassGeneratedBy '/Game/ThirdPersonBP/Maps/ThirdPersonExampleMap.ThirdPersonExampleMap:PersistentLevel.ThirdPersonExampleMap'
[2018.01.13-23.50.09:413][450]BlueprintLog: New page: Compile ThirdPersonCharacter
[2018.01.13-23.50.10:422][464]LogSavePackage: Save=59.40ms
[2018.01.13-23.50.10:422][464]LogSavePackage: Moving '../../../../../../Users/Robert/Documents/ProjectSwitchboard/Saved/ThirdPersonCharacterDC7F66DA4106AA40431E729430E52E9E.tmp' to '../../../../../../Users/Robert/Documents/ProjectSwitchboard/Content/ThirdPersonBP/Blueprints/ThirdPersonCharacter.uasset'
[2018.01.13-23.50.10:425][464]LogSavePackage: Display: Finished SavePackage ../../../../../../Users/Robert/Documents/ProjectSwitchboard/Content/ThirdPersonBP/Blueprints/ThirdPersonCharacter.uasset
[2018.01.13-23.50.12:791][548]LogTemp: Repeating last play command: Selected Viewport
[2018.01.13-23.50.12:820][548]LogBlueprintUserMessages: Early PlayInEditor Detection: Level '/Game/ThirdPersonBP/Maps/ThirdPersonExampleMap.ThirdPersonExampleMap:PersistentLevel' has LevelScriptBlueprint '/Game/ThirdPersonBP/Maps/ThirdPersonExampleMap.ThirdPersonExampleMap:PersistentLevel.ThirdPersonExampleMap' with GeneratedClass '/Game/ThirdPersonBP/Maps/ThirdPersonExampleMap.ThirdPersonExampleMap_C' with ClassGeneratedBy '/Game/ThirdPersonBP/Maps/ThirdPersonExampleMap.ThirdPersonExampleMap:PersistentLevel.ThirdPersonExampleMap'
[2018.01.13-23.50.12:820][548]LogPlayLevel: PlayLevel: No blueprints needed recompiling
[2018.01.13-23.50.12:820][548]PIE: New page: PIE session: ThirdPersonExampleMap (Jan 13, 2018, 1:50:12 PM)
[2018.01.13-23.50.12:820][548]LogPlayLevel: Creating play world package: /Game/ThirdPersonBP/Maps/UEDPIE_0_ThirdPersonExampleMap
[2018.01.13-23.50.12:834][548]LogPlayLevel: PIE: StaticDuplicateObject took: (0.014394s)
[2018.01.13-23.50.12:835][548]LogAIModule: Creating AISystem for world ThirdPersonExampleMap
[2018.01.13-23.50.12:835][548]LogPlayLevel: PIE: World Init took: (0.000938s)
[2018.01.13-23.50.12:836][548]LogPlayLevel: PIE: Created PIE world by copying editor world from /Game/ThirdPersonBP/Maps/ThirdPersonExampleMap.ThirdPersonExampleMap to /Game/ThirdPersonBP/Maps/UEDPIE_0_ThirdPersonExampleMap.ThirdPersonExampleMap (0.015679s)
[2018.01.13-23.50.12:860][548]LogInit: XAudio2 using 'Speakers / Headphones (IDT High Definition Audio CODEC)' : 2 channels at 48 kHz using 32 bits per sample (channel mask 0x3)
[2018.01.13-23.50.12:863][548]LogInit: FAudioDevice initialized.
[2018.01.13-23.50.12:894][548]LogLoad: Game class is 'ThirdPersonGameMode_C'
[2018.01.13-23.50.12:896][548]LogWorld: Bringing World /Game/ThirdPersonBP/Maps/UEDPIE_0_ThirdPersonExampleMap.ThirdPersonExampleMap up for play (max tick rate 0) at 2018.01.13-18.50.12
[2018.01.13-23.50.12:896][548]LogWorld: Bringing up level for play took: 0.001178
[2018.01.13-23.50.12:899][548]PIE: Play in editor start time for /Game/ThirdPersonBP/Maps/UEDPIE_0_ThirdPersonExampleMap 0.801
[2018.01.13-23.50.12:899][548]LogBlueprintUserMessages: Late PlayInEditor Detection: Level '/Game/ThirdPersonBP/Maps/ThirdPersonExampleMap.ThirdPersonExampleMap:PersistentLevel' has LevelScriptBlueprint '/Game/ThirdPersonBP/Maps/ThirdPersonExampleMap.ThirdPersonExampleMap:PersistentLevel.ThirdPersonExampleMap' with GeneratedClass '/Game/ThirdPersonBP/Maps/ThirdPersonExampleMap.ThirdPersonExampleMap_C' with ClassGeneratedBy '/Game/ThirdPersonBP/Maps/ThirdPersonExampleMap.ThirdPersonExampleMap:PersistentLevel.ThirdPersonExampleMap'
[2018.01.13-23.50.19:006][782]LogBlueprintUserMessages: Early EndPlayMap Detection: Level '/Game/ThirdPersonBP/Maps/ThirdPersonExampleMap.ThirdPersonExampleMap:PersistentLevel' has LevelScriptBlueprint '/Game/ThirdPersonBP/Maps/ThirdPersonExampleMap.ThirdPersonExampleMap:PersistentLevel.ThirdPersonExampleMap' with GeneratedClass '/Game/ThirdPersonBP/Maps/ThirdPersonExampleMap.ThirdPersonExampleMap_C' with ClassGeneratedBy '/Game/ThirdPersonBP/Maps/ThirdPersonExampleMap.ThirdPersonExampleMap:PersistentLevel.ThirdPersonExampleMap'
[2018.01.13-23.50.19:076][782]LogBlueprintUserMessages: Late EndPlayMap Detection: Level '/Game/ThirdPersonBP/Maps/ThirdPersonExampleMap.ThirdPersonExampleMap:PersistentLevel' has LevelScriptBlueprint '/Game/ThirdPersonBP/Maps/ThirdPersonExampleMap.ThirdPersonExampleMap:PersistentLevel.ThirdPersonExampleMap' with GeneratedClass '/Game/ThirdPersonBP/Maps/ThirdPersonExampleMap.ThirdPersonExampleMap_C' with ClassGeneratedBy '/Game/ThirdPersonBP/Maps/ThirdPersonExampleMap.ThirdPersonExampleMap:PersistentLevel.ThirdPersonExampleMap'
[2018.01.13-23.51.05:147][872]BlueprintLog: New page: Compile ThirdPersonCharacter
[2018.01.13-23.51.06:452][885]LogSavePackage: Save=58.83ms
[2018.01.13-23.51.06:452][885]LogSavePackage: Moving '../../../../../../Users/Robert/Documents/ProjectSwitchboard/Saved/ThirdPersonCharacter3880A91A45116C22C397E1A3E1C788DF.tmp' to '../../../../../../Users/Robert/Documents/ProjectSwitchboard/Content/ThirdPersonBP/Blueprints/ThirdPersonCharacter.uasset'
[2018.01.13-23.51.06:456][885]LogSavePackage: Display: Finished SavePackage ../../../../../../Users/Robert/Documents/ProjectSwitchboard/Content/ThirdPersonBP/Blueprints/ThirdPersonCharacter.uasset
[2018.01.13-23.51.08:586][947]LogTemp: Repeating last play command: Selected Viewport
[2018.01.13-23.51.08:619][947]LogBlueprintUserMessages: Early PlayInEditor Detection: Level '/Game/ThirdPersonBP/Maps/ThirdPersonExampleMap.ThirdPersonExampleMap:PersistentLevel' has LevelScriptBlueprint '/Game/ThirdPersonBP/Maps/ThirdPersonExampleMap.ThirdPersonExampleMap:PersistentLevel.ThirdPersonExampleMap' with GeneratedClass '/Game/ThirdPersonBP/Maps/ThirdPersonExampleMap.ThirdPersonExampleMap_C' with ClassGeneratedBy '/Game/ThirdPersonBP/Maps/ThirdPersonExampleMap.ThirdPersonExampleMap:PersistentLevel.ThirdPersonExampleMap'
[2018.01.13-23.51.08:619][947]LogPlayLevel: PlayLevel: No blueprints needed recompiling
[2018.01.13-23.51.08:619][947]PIE: New page: PIE session: ThirdPersonExampleMap (Jan 13, 2018, 1:51:08 PM)
[2018.01.13-23.51.08:619][947]LogPlayLevel: Creating play world package: /Game/ThirdPersonBP/Maps/UEDPIE_0_ThirdPersonExampleMap
[2018.01.13-23.51.08:639][947]LogPlayLevel: PIE: StaticDuplicateObject took: (0.019628s)
[2018.01.13-23.51.08:640][947]LogAIModule: Creating AISystem for world ThirdPersonExampleMap
[2018.01.13-23.51.08:640][947]LogPlayLevel: PIE: World Init took: (0.000904s)
[2018.01.13-23.51.08:640][947]LogPlayLevel: PIE: Created PIE world by copying editor world from /Game/ThirdPersonBP/Maps/ThirdPersonExampleMap.ThirdPersonExampleMap to /Game/ThirdPersonBP/Maps/UEDPIE_0_ThirdPersonExampleMap.ThirdPersonExampleMap (0.020884s)
[2018.01.13-23.51.08:663][947]LogInit: XAudio2 using 'Speakers / Headphones (IDT High Definition Audio CODEC)' : 2 channels at 48 kHz using 32 bits per sample (channel mask 0x3)
[2018.01.13-23.51.08:667][947]LogInit: FAudioDevice initialized.
[2018.01.13-23.51.08:700][947]LogLoad: Game class is 'ThirdPersonGameMode_C'
[2018.01.13-23.51.08:702][947]LogWorld: Bringing World /Game/ThirdPersonBP/Maps/UEDPIE_0_ThirdPersonExampleMap.ThirdPersonExampleMap up for play (max tick rate 0) at 2018.01.13-18.51.08
[2018.01.13-23.51.08:702][947]LogWorld: Bringing up level for play took: 0.001268
[2018.01.13-23.51.08:705][947]PIE: Play in editor start time for /Game/ThirdPersonBP/Maps/UEDPIE_0_ThirdPersonExampleMap 0.607
[2018.01.13-23.51.08:706][947]LogBlueprintUserMessages: Late PlayInEditor Detection: Level '/Game/ThirdPersonBP/Maps/ThirdPersonExampleMap.ThirdPersonExampleMap:PersistentLevel' has LevelScriptBlueprint '/Game/ThirdPersonBP/Maps/ThirdPersonExampleMap.ThirdPersonExampleMap:PersistentLevel.ThirdPersonExampleMap' with GeneratedClass '/Game/ThirdPersonBP/Maps/ThirdPersonExampleMap.ThirdPersonExampleMap_C' with ClassGeneratedBy '/Game/ThirdPersonBP/Maps/ThirdPersonExampleMap.ThirdPersonExampleMap:PersistentLevel.ThirdPersonExampleMap'
[2018.01.13-23.51.11:263][ 45]LogBlueprintUserMessages: Early EndPlayMap Detection: Level '/Game/ThirdPersonBP/Maps/ThirdPersonExampleMap.ThirdPersonExampleMap:PersistentLevel' has LevelScriptBlueprint '/Game/ThirdPersonBP/Maps/ThirdPersonExampleMap.ThirdPersonExampleMap:PersistentLevel.ThirdPersonExampleMap' with GeneratedClass '/Game/ThirdPersonBP/Maps/ThirdPersonExampleMap.ThirdPersonExampleMap_C' with ClassGeneratedBy '/Game/ThirdPersonBP/Maps/ThirdPersonExampleMap.ThirdPersonExampleMap:PersistentLevel.ThirdPersonExampleMap'
[2018.01.13-23.51.11:328][ 45]LogBlueprintUserMessages: Late EndPlayMap Detection: Level '/Game/ThirdPersonBP/Maps/ThirdPersonExampleMap.ThirdPersonExampleMap:PersistentLevel' has LevelScriptBlueprint '/Game/ThirdPersonBP/Maps/ThirdPersonExampleMap.ThirdPersonExampleMap:PersistentLevel.ThirdPersonExampleMap' with GeneratedClass '/Game/ThirdPersonBP/Maps/ThirdPersonExampleMap.ThirdPersonExampleMap_C' with ClassGeneratedBy '/Game/ThirdPersonBP/Maps/ThirdPersonExampleMap.ThirdPersonExampleMap:PersistentLevel.ThirdPersonExampleMap'
[2018.01.13-23.51.20:582][285]BlueprintLog: New page: Compile ThirdPersonCharacter
[2018.01.13-23.51.21:926][300]LogSavePackage: Save=59.40ms
[2018.01.13-23.51.21:926][300]LogSavePackage: Moving '../../../../../../Users/Robert/Documents/ProjectSwitchboard/Saved/ThirdPersonCharacterDE8A03B4432ADF23FBFA6EAF7D092730.tmp' to '../../../../../../Users/Robert/Documents/ProjectSwitchboard/Content/ThirdPersonBP/Blueprints/ThirdPersonCharacter.uasset'
[2018.01.13-23.51.21:929][300]LogSavePackage: Display: Finished SavePackage ../../../../../../Users/Robert/Documents/ProjectSwitchboard/Content/ThirdPersonBP/Blueprints/ThirdPersonCharacter.uasset
[2018.01.13-23.51.24:289][361]LogTemp: Repeating last play command: Selected Viewport
[2018.01.13-23.51.24:312][361]LogBlueprintUserMessages: Early PlayInEditor Detection: Level '/Game/ThirdPersonBP/Maps/ThirdPersonExampleMap.ThirdPersonExampleMap:PersistentLevel' has LevelScriptBlueprint '/Game/ThirdPersonBP/Maps/ThirdPersonExampleMap.ThirdPersonExampleMap:PersistentLevel.ThirdPersonExampleMap' with GeneratedClass '/Game/ThirdPersonBP/Maps/ThirdPersonExampleMap.ThirdPersonExampleMap_C' with ClassGeneratedBy '/Game/ThirdPersonBP/Maps/ThirdPersonExampleMap.ThirdPersonExampleMap:PersistentLevel.ThirdPersonExampleMap'
[2018.01.13-23.51.24:312][361]LogPlayLevel: PlayLevel: No blueprints needed recompiling
[2018.01.13-23.51.24:312][361]PIE: New page: PIE session: ThirdPersonExampleMap (Jan 13, 2018, 1:51:24 PM)
[2018.01.13-23.51.24:312][361]LogPlayLevel: Creating play world package: /Game/ThirdPersonBP/Maps/UEDPIE_0_ThirdPersonExampleMap
[2018.01.13-23.51.24:327][361]LogPlayLevel: PIE: StaticDuplicateObject took: (0.014513s)
[2018.01.13-23.51.24:327][361]LogAIModule: Creating AISystem for world ThirdPersonExampleMap
[2018.01.13-23.51.24:328][361]LogPlayLevel: PIE: World Init took: (0.000932s)
[2018.01.13-23.51.24:328][361]LogPlayLevel: PIE: Created PIE world by copying editor world from /Game/ThirdPersonBP/Maps/ThirdPersonExampleMap.ThirdPersonExampleMap to /Game/ThirdPersonBP/Maps/UEDPIE_0_ThirdPersonExampleMap.ThirdPersonExampleMap (0.015761s)
[2018.01.13-23.51.24:350][361]LogInit: XAudio2 using 'Speakers / Headphones (IDT High Definition Audio CODEC)' : 2 channels at 48 kHz using 32 bits per sample (channel mask 0x3)
[2018.01.13-23.51.24:354][361]LogInit: FAudioDevice initialized.
[2018.01.13-23.51.24:383][361]LogLoad: Game class is 'ThirdPersonGameMode_C'
[2018.01.13-23.51.24:385][361]LogWorld: Bringing World /Game/ThirdPersonBP/Maps/UEDPIE_0_ThirdPersonExampleMap.ThirdPersonExampleMap up for play (max tick rate 0) at 2018.01.13-18.51.24
[2018.01.13-23.51.24:385][361]LogWorld: Bringing up level for play took: 0.001204
[2018.01.13-23.51.24:389][361]PIE: Play in editor start time for /Game/ThirdPersonBP/Maps/UEDPIE_0_ThirdPersonExampleMap 0.29
[2018.01.13-23.51.24:389][361]LogBlueprintUserMessages: Late PlayInEditor Detection: Level '/Game/ThirdPersonBP/Maps/ThirdPersonExampleMap.ThirdPersonExampleMap:PersistentLevel' has LevelScriptBlueprint '/Game/ThirdPersonBP/Maps/ThirdPersonExampleMap.ThirdPersonExampleMap:PersistentLevel.ThirdPersonExampleMap' with GeneratedClass '/Game/ThirdPersonBP/Maps/ThirdPersonExampleMap.ThirdPersonExampleMap_C' with ClassGeneratedBy '/Game/ThirdPersonBP/Maps/ThirdPersonExampleMap.ThirdPersonExampleMap:PersistentLevel.ThirdPersonExampleMap'
[2018.01.13-23.51.27:659][489]LogBlueprintUserMessages: Early EndPlayMap Detection: Level '/Game/ThirdPersonBP/Maps/ThirdPersonExampleMap.ThirdPersonExampleMap:PersistentLevel' has LevelScriptBlueprint '/Game/ThirdPersonBP/Maps/ThirdPersonExampleMap.ThirdPersonExampleMap:PersistentLevel.ThirdPersonExampleMap' with GeneratedClass '/Game/ThirdPersonBP/Maps/ThirdPersonExampleMap.ThirdPersonExampleMap_C' with ClassGeneratedBy '/Game/ThirdPersonBP/Maps/ThirdPersonExampleMap.ThirdPersonExampleMap:PersistentLevel.ThirdPersonExampleMap'
[2018.01.13-23.51.27:726][489]LogBlueprintUserMessages: Late EndPlayMap Detection: Level '/Game/ThirdPersonBP/Maps/ThirdPersonExampleMap.ThirdPersonExampleMap:PersistentLevel' has LevelScriptBlueprint '/Game/ThirdPersonBP/Maps/ThirdPersonExampleMap.ThirdPersonExampleMap:PersistentLevel.ThirdPersonExampleMap' with GeneratedClass '/Game/ThirdPersonBP/Maps/ThirdPersonExampleMap.ThirdPersonExampleMap_C' with ClassGeneratedBy '/Game/ThirdPersonBP/Maps/ThirdPersonExampleMap.ThirdPersonExampleMap:PersistentLevel.ThirdPersonExampleMap'
[2018.01.13-23.52.16:517][219]BlueprintLog: New page: Compile ThirdPersonCharacter
[2018.01.13-23.52.17:495][228]LogSavePackage: Save=60.25ms
[2018.01.13-23.52.17:495][228]LogSavePackage: Moving '../../../../../../Users/Robert/Documents/ProjectSwitchboard/Saved/ThirdPersonCharacterAA4B879049E474231A073689690A8A1A.tmp' to '../../../../../../Users/Robert/Documents/ProjectSwitchboard/Content/ThirdPersonBP/Blueprints/ThirdPersonCharacter.uasset'
[2018.01.13-23.52.17:497][228]LogSavePackage: Display: Finished SavePackage ../../../../../../Users/Robert/Documents/ProjectSwitchboard/Content/ThirdPersonBP/Blueprints/ThirdPersonCharacter.uasset
[2018.01.13-23.52.19:199][283]BlueprintLog: New page: Compile ThirdPersonGameMode
[2018.01.13-23.52.20:065][302]LogSavePackage: Save=20.11ms
[2018.01.13-23.52.20:065][302]LogSavePackage: Moving '../../../../../../Users/Robert/Documents/ProjectSwitchboard/Saved/ThirdPersonGameMode1970018C4E84413B3959049F8982A438.tmp' to '../../../../../../Users/Robert/Documents/ProjectSwitchboard/Content/ThirdPersonBP/Blueprints/ThirdPersonGameMode.uasset'
[2018.01.13-23.52.20:066][302]LogSavePackage: Display: Finished SavePackage ../../../../../../Users/Robert/Documents/ProjectSwitchboard/Content/ThirdPersonBP/Blueprints/ThirdPersonGameMode.uasset
[2018.01.13-23.52.22:160][366]LogActorComponent: UnregisterComponent: (/Engine/Transient.EditorFloorComp) Not registered. Aborting.
[2018.01.13-23.52.23:442][403]LogSavePackage: Save=115.46ms
[2018.01.13-23.52.23:442][403]LogSavePackage: Moving '../../../../../../Users/Robert/Documents/ProjectSwitchboard/Saved/ThirdPersonExampleMapC6A0915746E06D97009C72B5A2BE87AA.tmp' to '../../../../../../Users/Robert/Documents/ProjectSwitchboard/Content/ThirdPersonBP/Maps/ThirdPersonExampleMap.umap'
[2018.01.13-23.52.23:446][403]LogSavePackage: Display: Finished SavePackage ../../../../../../Users/Robert/Documents/ProjectSwitchboard/Content/ThirdPersonBP/Maps/ThirdPersonExampleMap.umap
[2018.01.13-23.52.23:664][403]LogSavePackage: Save=157.15ms
[2018.01.13-23.52.23:664][403]LogSavePackage: Moving '../../../../../../Users/Robert/Documents/ProjectSwitchboard/Saved/ThirdPersonExampleMap_BuiltData3634394A48D5C27271E853A65582AD13.tmp' to '../../../../../../Users/Robert/Documents/ProjectSwitchboard/Content/ThirdPersonBP/Maps/ThirdPersonExampleMap_BuiltData.uasset'
[2018.01.13-23.52.23:665][403]LogSavePackage: Display: Finished SavePackage ../../../../../../Users/Robert/Documents/ProjectSwitchboard/Content/ThirdPersonBP/Maps/ThirdPersonExampleMap_BuiltData.uasset
[2018.01.13-23.53.35:512][327]LogSavePackage: Save=135.23ms
[2018.01.13-23.53.35:512][327]LogSavePackage: Moving '../../../../../../Users/Robert/Documents/ProjectSwitchboard/Saved/ThirdPersonExampleMap4D6A91F84E95363D3B42A3BD3A7C4847.tmp' to '../../../../../../Users/Robert/Documents/ProjectSwitchboard/Content/ThirdPersonBP/Maps/ThirdPersonExampleMap.umap'
[2018.01.13-23.53.35:516][327]LogSavePackage: Display: Finished SavePackage ../../../../../../Users/Robert/Documents/ProjectSwitchboard/Content/ThirdPersonBP/Maps/ThirdPersonExampleMap.umap
[2018.01.13-23.53.35:680][327]LogSavePackage: Save=111.27ms
[2018.01.13-23.53.35:680][327]LogSavePackage: Moving '../../../../../../Users/Robert/Documents/ProjectSwitchboard/Saved/ThirdPersonExampleMap_BuiltData04BC7E554DA319FC4EDF3192BDBE94F9.tmp' to '../../../../../../Users/Robert/Documents/ProjectSwitchboard/Content/ThirdPersonBP/Maps/ThirdPersonExampleMap_BuiltData.uasset'
[2018.01.13-23.53.35:681][327]LogSavePackage: Display: Finished SavePackage ../../../../../../Users/Robert/Documents/ProjectSwitchboard/Content/ThirdPersonBP/Maps/ThirdPersonExampleMap_BuiltData.uasset
